2018-03-13 16:50:55.205+0000 WARN [o.n.i.p.PageCache] The dbms.memory.pagecache.size setting has not been configured. It is recommended that this setting is always explicitly configured, to ensure the system has a balanced configuration. Until then, a computed heuristic value of 3287537664 bytes will be used instead. Run `neo4j-admin memrec` for memory configuration suggestions.
2018-03-13 16:50:55.562+0000 INFO [o.n.k.i.f.CommunityEditionModule] No locking implementation specified, defaulting to 'community'
2018-03-13 16:50:55.707+0000 INFO [o.n.k.AvailabilityGuard] Requirement makes database unavailable: Database available
2018-03-13 16:50:55.722+0000 INFO [o.n.k.i.DiagnosticsManager] --- INITIALIZED diagnostics START ---
2018-03-13 16:50:55.722+0000 INFO [o.n.k.i.DiagnosticsManager] Neo4j Kernel properties:
2018-03-13 16:50:55.722+0000 INFO [o.n.k.i.DiagnosticsManager] unsupported.dbms.directories.neo4j_home=C:\Users\alu2015059\Desktop\Neo4jJava\data\cars
2018-03-13 16:50:55.722+0000 INFO [o.n.k.i.DiagnosticsManager] unsupported.dbms.edition=community
2018-03-13 16:50:55.722+0000 INFO [o.n.k.i.DiagnosticsManager] unsupported.dbms.ephemeral=false
2018-03-13 16:50:55.722+0000 INFO [o.n.k.i.DiagnosticsManager] Diagnostics providers:
2018-03-13 16:50:55.722+0000 INFO [o.n.k.i.DiagnosticsManager] org.neo4j.kernel.configuration.Config
2018-03-13 16:50:55.722+0000 INFO [o.n.k.i.DiagnosticsManager] org.neo4j.kernel.info.DiagnosticsManager
2018-03-13 16:50:55.722+0000 INFO [o.n.k.i.DiagnosticsManager] SYSTEM_MEMORY
2018-03-13 16:50:55.722+0000 INFO [o.n.k.i.DiagnosticsManager] JAVA_MEMORY
2018-03-13 16:50:55.722+0000 INFO [o.n.k.i.DiagnosticsManager] OPERATING_SYSTEM
2018-03-13 16:50:55.722+0000 INFO [o.n.k.i.DiagnosticsManager] JAVA_VIRTUAL_MACHINE
2018-03-13 16:50:55.722+0000 INFO [o.n.k.i.DiagnosticsManager] CLASSPATH
2018-03-13 16:50:55.722+0000 INFO [o.n.k.i.DiagnosticsManager] LIBRARY_PATH
2018-03-13 16:50:55.722+0000 INFO [o.n.k.i.DiagnosticsManager] SYSTEM_PROPERTIES
2018-03-13 16:50:55.722+0000 INFO [o.n.k.i.DiagnosticsManager] NETWORK
2018-03-13 16:50:55.722+0000 INFO [o.n.k.i.DiagnosticsManager] System memory information:
2018-03-13 16:50:55.746+0000 INFO [o.n.k.i.DiagnosticsManager] Total Physical memory: 7,88 GB
2018-03-13 16:50:55.747+0000 INFO [o.n.k.i.DiagnosticsManager] Free Physical memory: 3,61 GB
2018-03-13 16:50:55.747+0000 INFO [o.n.k.i.DiagnosticsManager] Committed virtual memory: 295,06 MB
2018-03-13 16:50:55.747+0000 INFO [o.n.k.i.DiagnosticsManager] Total swap space: 10,13 GB
2018-03-13 16:50:55.747+0000 INFO [o.n.k.i.DiagnosticsManager] Free swap space: 4,35 GB
2018-03-13 16:50:55.747+0000 INFO [o.n.k.i.DiagnosticsManager] JVM memory information:
2018-03-13 16:50:55.747+0000 INFO [o.n.k.i.DiagnosticsManager] Free  memory: 96,89 MB
2018-03-13 16:50:55.747+0000 INFO [o.n.k.i.DiagnosticsManager] Total memory: 123,00 MB
2018-03-13 16:50:55.748+0000 INFO [o.n.k.i.DiagnosticsManager] Max   memory: 1,75 GB
2018-03-13 16:50:55.749+0000 INFO [o.n.k.i.DiagnosticsManager] Garbage Collector: PS Scavenge: [PS Eden Space, PS Survivor Space]
2018-03-13 16:50:55.749+0000 INFO [o.n.k.i.DiagnosticsManager] Garbage Collector: PS MarkSweep: [PS Eden Space, PS Survivor Space, PS Old Gen]
2018-03-13 16:50:55.750+0000 INFO [o.n.k.i.DiagnosticsManager] Memory Pool: Code Cache (Non-heap memory): committed=4,63 MB, used=4,58 MB, max=240,00 MB, threshold=0,00 B
2018-03-13 16:50:55.750+0000 INFO [o.n.k.i.DiagnosticsManager] Memory Pool: Metaspace (Non-heap memory): committed=13,13 MB, used=12,24 MB, max=-1,00 B, threshold=0,00 B
2018-03-13 16:50:55.751+0000 INFO [o.n.k.i.DiagnosticsManager] Memory Pool: Compressed Class Space (Non-heap memory): committed=1,88 MB, used=1,62 MB, max=1,00 GB, threshold=0,00 B
2018-03-13 16:50:55.751+0000 INFO [o.n.k.i.DiagnosticsManager] Memory Pool: PS Eden Space (Heap memory): committed=32,50 MB, used=20,28 MB, max=662,50 MB, threshold=?
2018-03-13 16:50:55.751+0000 INFO [o.n.k.i.DiagnosticsManager] Memory Pool: PS Survivor Space (Heap memory): committed=5,00 MB, used=4,98 MB, max=5,00 MB, threshold=?
2018-03-13 16:50:55.751+0000 INFO [o.n.k.i.DiagnosticsManager] Memory Pool: PS Old Gen (Heap memory): committed=85,50 MB, used=1,49 MB, max=1,31 GB, threshold=0,00 B
2018-03-13 16:50:55.751+0000 INFO [o.n.k.i.DiagnosticsManager] Operating system information:
2018-03-13 16:50:55.752+0000 INFO [o.n.k.i.DiagnosticsManager] Operating System: Windows 10; version: 10.0; arch: amd64; cpus: 4
2018-03-13 16:50:55.760+0000 INFO [o.n.k.i.DiagnosticsManager] Process id: 2844@A32o25
2018-03-13 16:50:55.760+0000 INFO [o.n.k.i.DiagnosticsManager] Byte order: LITTLE_ENDIAN
2018-03-13 16:50:55.762+0000 INFO [o.n.k.i.DiagnosticsManager] Local timezone: Europe/Paris
2018-03-13 16:50:55.762+0000 INFO [o.n.k.i.DiagnosticsManager] JVM information:
2018-03-13 16:50:55.762+0000 INFO [o.n.k.i.DiagnosticsManager] VM Name: Java HotSpot(TM) 64-Bit Server VM
2018-03-13 16:50:55.762+0000 INFO [o.n.k.i.DiagnosticsManager] VM Vendor: Oracle Corporation
2018-03-13 16:50:55.762+0000 INFO [o.n.k.i.DiagnosticsManager] VM Version: 25.144-b01
2018-03-13 16:50:55.762+0000 INFO [o.n.k.i.DiagnosticsManager] JIT compiler: HotSpot 64-Bit Tiered Compilers
2018-03-13 16:50:55.763+0000 INFO [o.n.k.i.DiagnosticsManager] VM Arguments: []
2018-03-13 16:50:55.763+0000 INFO [o.n.k.i.DiagnosticsManager] Java classpath:
2018-03-13 16:50:55.765+0000 INFO [o.n.k.i.DiagnosticsManager]  [classpath + loader.0] file:/C:/Users/alu2015059/.m2/repository/org/neo4j/neo4j-graph-matching/3.1.6/neo4j-graph-matching-3.1.6.jar
2018-03-13 16:50:55.765+0000 INFO [o.n.k.i.DiagnosticsManager]  [classpath + loader.0] file:/C:/Users/alu2015059/.m2/repository/org/neo4j/neo4j-cypher/3.3.3/neo4j-cypher-3.3.3.jar
2018-03-13 16:50:55.765+0000 INFO [o.n.k.i.DiagnosticsManager]  [classpath + loader.0] file:/C:/Users/alu2015059/.m2/repository/org/neo4j/neo4j-cypher-frontend-3.3/3.3.3/neo4j-cypher-frontend-3.3-3.3.3.jar
2018-03-13 16:50:55.766+0000 INFO [o.n.k.i.DiagnosticsManager]  [classpath + loader.0] file:/C:/Users/alu2015059/.m2/repository/org/neo4j/neo4j-unsafe/3.3.3/neo4j-unsafe-3.3.3.jar
2018-03-13 16:50:55.766+0000 INFO [o.n.k.i.DiagnosticsManager]  [classpath + loader.0] file:/C:/Users/alu2015059/.m2/repository/org/neo4j/neo4j-logging/3.3.3/neo4j-logging-3.3.3.jar
2018-03-13 16:50:55.766+0000 INFO [o.n.k.i.DiagnosticsManager]  [classpath + loader.0] file:/C:/Users/alu2015059/.m2/repository/org/neo4j/neo4j-index/3.3.3/neo4j-index-3.3.3.jar
2018-03-13 16:50:55.766+0000 INFO [o.n.k.i.DiagnosticsManager]  [classpath + loader.0] file:/C:/Users/alu2015059/.m2/repository/org/apache/commons/commons-compress/1.12/commons-compress-1.12.jar
2018-03-13 16:50:55.766+0000 INFO [o.n.k.i.DiagnosticsManager]  [classpath + loader.0] file:/C:/Users/alu2015059/.m2/repository/org/neo4j/neo4j-udc/3.3.3/neo4j-udc-3.3.3.jar
2018-03-13 16:50:55.766+0000 INFO [o.n.k.i.DiagnosticsManager]  [loader.1] file:/C:/Program%20Files/Java/jdk1.8.0_144/jre/lib/ext/sunpkcs11.jar
2018-03-13 16:50:55.766+0000 INFO [o.n.k.i.DiagnosticsManager]  [bootstrap] C:\Program Files\Java\jdk1.8.0_144\jre\lib\jsse.jar
2018-03-13 16:50:55.766+0000 INFO [o.n.k.i.DiagnosticsManager]  [bootstrap] C:\Program Files\Java\jdk1.8.0_144\jre\lib\jce.jar
2018-03-13 16:50:55.766+0000 INFO [o.n.k.i.DiagnosticsManager]  [classpath + loader.0] file:/C:/Users/alu2015059/.m2/repository/org/neo4j/neo4j-values/3.3.3/neo4j-values-3.3.3.jar
2018-03-13 16:50:55.766+0000 INFO [o.n.k.i.DiagnosticsManager]  [classpath + loader.0] file:/C:/Users/alu2015059/.m2/repository/org/neo4j/neo4j-consistency-check/3.3.3/neo4j-consistency-check-3.3.3.jar
2018-03-13 16:50:55.766+0000 INFO [o.n.k.i.DiagnosticsManager]  [classpath + loader.0] file:/C:/Users/alu2015059/.m2/repository/org/neo4j/neo4j-graph-algo/3.3.3/neo4j-graph-algo-3.3.3.jar
2018-03-13 16:50:55.766+0000 INFO [o.n.k.i.DiagnosticsManager]  [loader.1] file:/C:/Program%20Files/Java/jdk1.8.0_144/jre/lib/ext/zipfs.jar
2018-03-13 16:50:55.766+0000 INFO [o.n.k.i.DiagnosticsManager]  [classpath + loader.0] file:/C:/Users/alu2015059/.m2/repository/org/apache/commons/commons-lang3/3.5/commons-lang3-3.5.jar
2018-03-13 16:50:55.767+0000 INFO [o.n.k.i.DiagnosticsManager]  [classpath + loader.0] file:/C:/Users/alu2015059/.m2/repository/org/neo4j/neo4j-cypher-frontend-2.3/2.3.12/neo4j-cypher-frontend-2.3-2.3.12.jar
2018-03-13 16:50:55.767+0000 INFO [o.n.k.i.DiagnosticsManager]  [loader.1] file:/C:/Program%20Files/Java/jdk1.8.0_144/jre/lib/ext/access-bridge-64.jar
2018-03-13 16:50:55.767+0000 INFO [o.n.k.i.DiagnosticsManager]  [classpath + loader.0] file:/C:/Users/alu2015059/.m2/repository/org/ow2/asm/asm-analysis/5.2/asm-analysis-5.2.jar
2018-03-13 16:50:55.767+0000 INFO [o.n.k.i.DiagnosticsManager]  [bootstrap] C:\Program Files\Java\jdk1.8.0_144\jre\lib\rt.jar
2018-03-13 16:50:55.768+0000 INFO [o.n.k.i.DiagnosticsManager]  [bootstrap] C:\Program Files\Java\jdk1.8.0_144\jre\lib\jfr.jar
2018-03-13 16:50:55.768+0000 INFO [o.n.k.i.DiagnosticsManager]  [loader.1] file:/C:/Program%20Files/Java/jdk1.8.0_144/jre/lib/ext/sunec.jar
2018-03-13 16:50:55.768+0000 INFO [o.n.k.i.DiagnosticsManager]  [loader.1] file:/C:/Program%20Files/Java/jdk1.8.0_144/jre/lib/ext/nashorn.jar
2018-03-13 16:50:55.768+0000 INFO [o.n.k.i.DiagnosticsManager]  [classpath + loader.0] file:/C:/Users/alu2015059/.m2/repository/org/apache/lucene/lucene-queryparser/5.5.0/lucene-queryparser-5.5.0.jar
2018-03-13 16:50:55.768+0000 INFO [o.n.k.i.DiagnosticsManager]  [classpath + loader.0] file:/C:/Users/alu2015059/.m2/repository/org/bouncycastle/bcprov-jdk15on/1.53/bcprov-jdk15on-1.53.jar
2018-03-13 16:50:55.768+0000 INFO [o.n.k.i.DiagnosticsManager]  [classpath + loader.0] file:/C:/Users/alu2015059/.m2/repository/org/scala-lang/scala-library/2.11.12/scala-library-2.11.12.jar
2018-03-13 16:50:55.768+0000 INFO [o.n.k.i.DiagnosticsManager]  [classpath + loader.0] file:/C:/Users/alu2015059/.m2/repository/net/sf/opencsv/opencsv/2.3/opencsv-2.3.jar
2018-03-13 16:50:55.768+0000 INFO [o.n.k.i.DiagnosticsManager]  [classpath + loader.0] file:/C:/Users/alu2015059/.m2/repository/org/neo4j/neo4j-cypher-logical-plans-3.3/3.3.3/neo4j-cypher-logical-plans-3.3-3.3.3.jar
2018-03-13 16:50:55.768+0000 INFO [o.n.k.i.DiagnosticsManager]  [bootstrap] C:\Program Files\Java\jdk1.8.0_144\jre\lib\resources.jar
2018-03-13 16:50:55.768+0000 INFO [o.n.k.i.DiagnosticsManager]  [classpath + loader.0] file:/C:/Users/alu2015059/.m2/repository/org/neo4j/neo4j-cypher-frontend-3.1/3.1.6/neo4j-cypher-frontend-3.1-3.1.6.jar
2018-03-13 16:50:55.768+0000 INFO [o.n.k.i.DiagnosticsManager]  [loader.1] file:/C:/Program%20Files/Java/jdk1.8.0_144/jre/lib/ext/jfxrt.jar
2018-03-13 16:50:55.768+0000 INFO [o.n.k.i.DiagnosticsManager]  [classpath + loader.0] file:/C:/Users/alu2015059/.m2/repository/org/neo4j/neo4j-cypher-compiler-3.3/3.3.3/neo4j-cypher-compiler-3.3-3.3.3.jar
2018-03-13 16:50:55.768+0000 INFO [o.n.k.i.DiagnosticsManager]  [classpath + loader.0] file:/C:/Users/alu2015059/.m2/repository/org/ow2/asm/asm-tree/5.2/asm-tree-5.2.jar
2018-03-13 16:50:55.768+0000 INFO [o.n.k.i.DiagnosticsManager]  [bootstrap] C:\Program Files\Java\jdk1.8.0_144\jre\lib\charsets.jar
2018-03-13 16:50:55.768+0000 INFO [o.n.k.i.DiagnosticsManager]  [classpath + loader.0] file:/C:/Users/alu2015059/.m2/repository/org/neo4j/neo4j-csv/3.3.3/neo4j-csv-3.3.3.jar
2018-03-13 16:50:55.768+0000 INFO [o.n.k.i.DiagnosticsManager]  [classpath + loader.0] file:/C:/Users/alu2015059/.m2/repository/org/neo4j/neo4j-cypher-compiler-3.1/3.1.6/neo4j-cypher-compiler-3.1-3.1.6.jar
2018-03-13 16:50:55.768+0000 INFO [o.n.k.i.DiagnosticsManager]  [classpath + loader.0] file:/C:/Users/alu2015059/.m2/repository/org/neo4j/neo4j-codegen/3.3.3/neo4j-codegen-3.3.3.jar
2018-03-13 16:50:55.769+0000 INFO [o.n.k.i.DiagnosticsManager]  [loader.1] file:/C:/Program%20Files/Java/jdk1.8.0_144/jre/lib/ext/jaccess.jar
2018-03-13 16:50:55.769+0000 INFO [o.n.k.i.DiagnosticsManager]  [classpath + loader.0] file:/C:/Users/alu2015059/.m2/repository/org/neo4j/neo4j-graphdb-api/3.3.3/neo4j-graphdb-api-3.3.3.jar
2018-03-13 16:50:55.769+0000 INFO [o.n.k.i.DiagnosticsManager]  [classpath + loader.0] file:/C:/Users/alu2015059/.m2/repository/com/github/ben-manes/caffeine/caffeine/2.3.3/caffeine-2.3.3.jar
2018-03-13 16:50:55.769+0000 INFO [o.n.k.i.DiagnosticsManager]  [classpath + loader.0] file:/C:/Users/alu2015059/.m2/repository/org/neo4j/neo4j-import-tool/3.3.3/neo4j-import-tool-3.3.3.jar
2018-03-13 16:50:55.769+0000 INFO [o.n.k.i.DiagnosticsManager]  [loader.1] file:/C:/Program%20Files/Java/jdk1.8.0_144/jre/lib/ext/localedata.jar
2018-03-13 16:50:55.769+0000 INFO [o.n.k.i.DiagnosticsManager]  [classpath + loader.0] file:/C:/Users/alu2015059/.m2/repository/org/parboiled/parboiled-core/1.1.7/parboiled-core-1.1.7.jar
2018-03-13 16:50:55.769+0000 INFO [o.n.k.i.DiagnosticsManager]  [classpath + loader.0] file:/C:/Users/alu2015059/.m2/repository/org/neo4j/neo4j-lucene-index/3.3.3/neo4j-lucene-index-3.3.3.jar
2018-03-13 16:50:55.769+0000 INFO [o.n.k.i.DiagnosticsManager]  [classpath + loader.0] file:/C:/Users/alu2015059/.m2/repository/org/neo4j/neo4j-primitive-collections/3.3.3/neo4j-primitive-collections-3.3.3.jar
2018-03-13 16:50:55.769+0000 INFO [o.n.k.i.DiagnosticsManager]  [classpath + loader.0] file:/C:/Users/alu2015059/.m2/repository/org/neo4j/neo4j-common/3.3.3/neo4j-common-3.3.3.jar
2018-03-13 16:50:55.769+0000 INFO [o.n.k.i.DiagnosticsManager]  [classpath + loader.0] file:/C:/Users/alu2015059/.m2/repository/org/parboiled/parboiled-scala_2.11/1.1.7/parboiled-scala_2.11-1.1.7.jar
2018-03-13 16:50:55.769+0000 INFO [o.n.k.i.DiagnosticsManager]  [classpath + loader.0] file:/C:/Users/alu2015059/.m2/repository/org/apache/commons/commons-text/1.1/commons-text-1.1.jar
2018-03-13 16:50:55.769+0000 INFO [o.n.k.i.DiagnosticsManager]  [loader.1] file:/C:/Program%20Files/Java/jdk1.8.0_144/jre/lib/ext/sunjce_provider.jar
2018-03-13 16:50:55.769+0000 INFO [o.n.k.i.DiagnosticsManager]  [classpath + loader.0] file:/C:/Users/alu2015059/.m2/repository/org/neo4j/neo4j-lucene-upgrade/3.3.3/neo4j-lucene-upgrade-3.3.3.jar
2018-03-13 16:50:55.769+0000 INFO [o.n.k.i.DiagnosticsManager]  [classpath + loader.0] file:/C:/Users/alu2015059/.m2/repository/org/scala-lang/scala-reflect/2.11.12/scala-reflect-2.11.12.jar
2018-03-13 16:50:55.769+0000 INFO [o.n.k.i.DiagnosticsManager]  [classpath + loader.0] file:/C:/Users/alu2015059/.m2/repository/org/ow2/asm/asm/5.2/asm-5.2.jar
2018-03-13 16:50:55.769+0000 INFO [o.n.k.i.DiagnosticsManager]  [classpath + loader.0] file:/C:/Users/alu2015059/.m2/repository/org/ow2/asm/asm-util/5.2/asm-util-5.2.jar
2018-03-13 16:50:55.769+0000 INFO [o.n.k.i.DiagnosticsManager]  [classpath + loader.0] file:/C:/Users/alu2015059/.m2/repository/org/apache/lucene/lucene-analyzers-common/5.5.0/lucene-analyzers-common-5.5.0.jar
2018-03-13 16:50:55.769+0000 INFO [o.n.k.i.DiagnosticsManager]  [classpath + loader.0] file:/C:/Users/alu2015059/.m2/repository/org/neo4j/neo4j-ssl/3.3.3/neo4j-ssl-3.3.3.jar
2018-03-13 16:50:55.769+0000 INFO [o.n.k.i.DiagnosticsManager]  [classpath + loader.0] file:/C:/Users/alu2015059/Desktop/Neo4jJava/target/classes/
2018-03-13 16:50:55.769+0000 INFO [o.n.k.i.DiagnosticsManager]  [classpath + loader.0] file:/C:/Users/alu2015059/.m2/repository/org/neo4j/neo4j-command-line/3.3.3/neo4j-command-line-3.3.3.jar
2018-03-13 16:50:55.770+0000 INFO [o.n.k.i.DiagnosticsManager]  [bootstrap] C:\Program Files\Java\jdk1.8.0_144\jre\lib\sunrsasign.jar
2018-03-13 16:50:55.770+0000 INFO [o.n.k.i.DiagnosticsManager]  [classpath + loader.0] file:/C:/Users/alu2015059/.m2/repository/org/neo4j/neo4j-configuration/3.3.3/neo4j-configuration-3.3.3.jar
2018-03-13 16:50:55.770+0000 INFO [o.n.k.i.DiagnosticsManager]  [classpath + loader.0] file:/C:/Users/alu2015059/.m2/repository/org/neo4j/neo4j-collections/3.3.3/neo4j-collections-3.3.3.jar
2018-03-13 16:50:55.770+0000 INFO [o.n.k.i.DiagnosticsManager]  [classpath + loader.0] file:/C:/Users/alu2015059/.m2/repository/org/bouncycastle/bcpkix-jdk15on/1.53/bcpkix-jdk15on-1.53.jar
2018-03-13 16:50:55.770+0000 INFO [o.n.k.i.DiagnosticsManager]  [classpath + loader.0] file:/C:/Users/alu2015059/.m2/repository/org/neo4j/neo4j-cypher-ir-3.2/3.2.9/neo4j-cypher-ir-3.2-3.2.9.jar
2018-03-13 16:50:55.770+0000 INFO [o.n.k.i.DiagnosticsManager]  [classpath + loader.0] file:/C:/Users/alu2015059/.m2/repository/org/neo4j/neo4j-kernel/3.3.3/neo4j-kernel-3.3.3.jar
2018-03-13 16:50:55.770+0000 INFO [o.n.k.i.DiagnosticsManager]  [classpath + loader.0] file:/C:/Users/alu2015059/.m2/repository/org/apache/lucene/lucene-backward-codecs/5.5.0/lucene-backward-codecs-5.5.0.jar
2018-03-13 16:50:55.770+0000 INFO [o.n.k.i.DiagnosticsManager]  [classpath + loader.0] file:/C:/Users/alu2015059/.m2/repository/com/googlecode/concurrentlinkedhashmap/concurrentlinkedhashmap-lru/1.4.2/concurrentlinkedhashmap-lru-1.4.2.jar
2018-03-13 16:50:55.770+0000 INFO [o.n.k.i.DiagnosticsManager]  [classpath + loader.0] file:/C:/Users/alu2015059/.m2/repository/org/neo4j/neo4j-dbms/3.3.3/neo4j-dbms-3.3.3.jar
2018-03-13 16:50:55.770+0000 INFO [o.n.k.i.DiagnosticsManager]  [bootstrap] C:\Program Files\Java\jdk1.8.0_144\jre\classes
2018-03-13 16:50:55.770+0000 INFO [o.n.k.i.DiagnosticsManager]  [classpath + loader.0] file:/C:/Users/alu2015059/.m2/repository/org/neo4j/neo4j-resource/3.3.3/neo4j-resource-3.3.3.jar
2018-03-13 16:50:55.770+0000 INFO [o.n.k.i.DiagnosticsManager]  [classpath + loader.0] file:/C:/Users/alu2015059/.m2/repository/org/apache/lucene/lucene-core/5.5.0/lucene-core-5.5.0.jar
2018-03-13 16:50:55.770+0000 INFO [o.n.k.i.DiagnosticsManager]  [classpath + loader.0] file:/C:/Users/alu2015059/.m2/repository/org/apache/lucene/lucene-codecs/5.5.0/lucene-codecs-5.5.0.jar
2018-03-13 16:50:55.770+0000 INFO [o.n.k.i.DiagnosticsManager]  [classpath + loader.0] file:/C:/Users/alu2015059/.m2/repository/org/neo4j/neo4j-cypher-frontend-3.2/3.2.9/neo4j-cypher-frontend-3.2-3.2.9.jar
2018-03-13 16:50:55.770+0000 INFO [o.n.k.i.DiagnosticsManager]  [classpath + loader.0] file:/C:/Users/alu2015059/.m2/repository/org/neo4j/neo4j-cypher-ir-3.3/3.3.3/neo4j-cypher-ir-3.3-3.3.3.jar
2018-03-13 16:50:55.770+0000 INFO [o.n.k.i.DiagnosticsManager]  [classpath + loader.0] file:/C:/Users/alu2015059/.m2/repository/org/neo4j/neo4j-io/3.3.3/neo4j-io-3.3.3.jar
2018-03-13 16:50:55.770+0000 INFO [o.n.k.i.DiagnosticsManager]  [classpath + loader.0] file:/C:/Users/alu2015059/.m2/repository/org/neo4j/neo4j-cypher-compiler-3.2/3.2.9/neo4j-cypher-compiler-3.2-3.2.9.jar
2018-03-13 16:50:55.770+0000 INFO [o.n.k.i.DiagnosticsManager]  [classpath + loader.0] file:/C:/Users/alu2015059/.m2/repository/io/netty/netty-all/4.1.17.Final/netty-all-4.1.17.Final.jar
2018-03-13 16:50:55.771+0000 INFO [o.n.k.i.DiagnosticsManager]  [loader.1] file:/C:/Program%20Files/Java/jdk1.8.0_144/jre/lib/ext/sunmscapi.jar
2018-03-13 16:50:55.771+0000 INFO [o.n.k.i.DiagnosticsManager]  [classpath + loader.0] file:/C:/Users/alu2015059/.m2/repository/org/neo4j/neo4j/3.3.3/neo4j-3.3.3.jar
2018-03-13 16:50:55.771+0000 INFO [o.n.k.i.DiagnosticsManager]  [loader.1] file:/C:/Program%20Files/Java/jdk1.8.0_144/jre/lib/ext/dnsns.jar
2018-03-13 16:50:55.771+0000 INFO [o.n.k.i.DiagnosticsManager]  [classpath + loader.0] file:/C:/Users/alu2015059/.m2/repository/org/neo4j/neo4j-cypher-compiler-2.3/2.3.12/neo4j-cypher-compiler-2.3-2.3.12.jar
2018-03-13 16:50:55.771+0000 INFO [o.n.k.i.DiagnosticsManager]  [classpath + loader.0] file:/C:/Users/alu2015059/.m2/repository/org/neo4j/neo4j-jmx/3.3.3/neo4j-jmx-3.3.3.jar
2018-03-13 16:50:55.771+0000 INFO [o.n.k.i.DiagnosticsManager]  [loader.1] file:/C:/Program%20Files/Java/jdk1.8.0_144/jre/lib/ext/cldrdata.jar
2018-03-13 16:50:55.771+0000 INFO [o.n.k.i.DiagnosticsManager] Library path:
2018-03-13 16:50:55.771+0000 INFO [o.n.k.i.DiagnosticsManager] C:\Program Files\Java\jdk1.8.0_144\bin
2018-03-13 16:50:55.771+0000 INFO [o.n.k.i.DiagnosticsManager] C:\Windows\Sun\Java\bin
2018-03-13 16:50:55.772+0000 INFO [o.n.k.i.DiagnosticsManager] C:\Windows\System32
2018-03-13 16:50:55.772+0000 INFO [o.n.k.i.DiagnosticsManager] C:\Windows
2018-03-13 16:50:55.772+0000 INFO [o.n.k.i.DiagnosticsManager] C:\ProgramData\Oracle\Java\javapath
2018-03-13 16:50:55.772+0000 INFO [o.n.k.i.DiagnosticsManager] C:\Windows\System32
2018-03-13 16:50:55.772+0000 INFO [o.n.k.i.DiagnosticsManager] C:\Windows
2018-03-13 16:50:55.772+0000 INFO [o.n.k.i.DiagnosticsManager] C:\Windows\System32\wbem
2018-03-13 16:50:55.773+0000 INFO [o.n.k.i.DiagnosticsManager] C:\Windows\System32\WindowsPowerShell\v1.0
2018-03-13 16:50:55.773+0000 INFO [o.n.k.i.DiagnosticsManager] C:\Program Files\Common Files\Autodesk Shared
2018-03-13 16:50:55.773+0000 INFO [o.n.k.i.DiagnosticsManager] C:\Program Files (x86)\Autodesk\Backburner
2018-03-13 16:50:55.773+0000 INFO [o.n.k.i.DiagnosticsManager] C:\Program Files\Java\jdk1.8.0_144\bin
2018-03-13 16:50:55.773+0000 INFO [o.n.k.i.DiagnosticsManager] C:\Program Files\nodejs
2018-03-13 16:50:55.774+0000 INFO [o.n.k.i.DiagnosticsManager] C:\Program Files\PuTTY
2018-03-13 16:50:55.774+0000 INFO [o.n.k.i.DiagnosticsManager] C:\Users\alu2012095\AppData\Local\Microsoft\WindowsApps
2018-03-13 16:50:55.774+0000 INFO [o.n.k.i.DiagnosticsManager] C:\Users\alu2012095\AppData\Local\Programs\Git\cmd
2018-03-13 16:50:55.774+0000 INFO [o.n.k.i.DiagnosticsManager] C:\Users\alu2012095\AppData\Roaming\npm
2018-03-13 16:50:55.775+0000 INFO [o.n.k.i.DiagnosticsManager] C:\adb
2018-03-13 16:50:55.775+0000 INFO [o.n.k.i.DiagnosticsManager] C:\Program Files\Git\cmd
2018-03-13 16:50:55.775+0000 INFO [o.n.k.i.DiagnosticsManager] C:\Program Files\MySQL\MySQL Utilities 1.6
2018-03-13 16:50:55.775+0000 INFO [o.n.k.i.DiagnosticsManager] C:\Windows\System32
2018-03-13 16:50:55.775+0000 INFO [o.n.k.i.DiagnosticsManager] C:\Windows
2018-03-13 16:50:55.775+0000 INFO [o.n.k.i.DiagnosticsManager] C:\Windows\System32\wbem
2018-03-13 16:50:55.775+0000 INFO [o.n.k.i.DiagnosticsManager] C:\Windows\System32\WindowsPowerShell\v1.0
2018-03-13 16:50:55.775+0000 INFO [o.n.k.i.DiagnosticsManager] C:\Program Files (x86)\BaseX\bin
2018-03-13 16:50:55.775+0000 INFO [o.n.k.i.DiagnosticsManager] C:\Users\alu2015059\AppData\Local\Microsoft\WindowsApps
2018-03-13 16:50:55.775+0000 INFO [o.n.k.i.DiagnosticsManager] C:\Users\alu2015059\Desktop\Neo4jJava
2018-03-13 16:50:55.775+0000 INFO [o.n.k.i.DiagnosticsManager] C:\Users\alu2015059\Desktop\Neo4jJava
2018-03-13 16:50:55.775+0000 INFO [o.n.k.i.DiagnosticsManager] System.properties:
2018-03-13 16:50:55.775+0000 INFO [o.n.k.i.DiagnosticsManager] sun.boot.library.path = C:\Program Files\Java\jdk1.8.0_144\jre\bin
2018-03-13 16:50:55.775+0000 INFO [o.n.k.i.DiagnosticsManager] path.separator = ;
2018-03-13 16:50:55.775+0000 INFO [o.n.k.i.DiagnosticsManager] file.encoding.pkg = sun.io
2018-03-13 16:50:55.775+0000 INFO [o.n.k.i.DiagnosticsManager] user.country = ES
2018-03-13 16:50:55.775+0000 INFO [o.n.k.i.DiagnosticsManager] user.script = 
2018-03-13 16:50:55.775+0000 INFO [o.n.k.i.DiagnosticsManager] sun.java.launcher = SUN_STANDARD
2018-03-13 16:50:55.775+0000 INFO [o.n.k.i.DiagnosticsManager] sun.os.patch.level = 
2018-03-13 16:50:55.775+0000 INFO [o.n.k.i.DiagnosticsManager] user.dir = C:\Users\alu2015059\Desktop\Neo4jJava
2018-03-13 16:50:55.775+0000 INFO [o.n.k.i.DiagnosticsManager] user.variant = 
2018-03-13 16:50:55.775+0000 INFO [o.n.k.i.DiagnosticsManager] sun.jnu.encoding = Cp1252
2018-03-13 16:50:55.775+0000 INFO [o.n.k.i.DiagnosticsManager] sun.management.compiler = HotSpot 64-Bit Tiered Compilers
2018-03-13 16:50:55.775+0000 INFO [o.n.k.i.DiagnosticsManager] user.home = C:\Users\alu2015059
2018-03-13 16:50:55.775+0000 INFO [o.n.k.i.DiagnosticsManager] user.timezone = Europe/Paris
2018-03-13 16:50:55.775+0000 INFO [o.n.k.i.DiagnosticsManager] file.encoding = Cp1252
2018-03-13 16:50:55.775+0000 INFO [o.n.k.i.DiagnosticsManager] user.name = alu2015059
2018-03-13 16:50:55.775+0000 INFO [o.n.k.i.DiagnosticsManager] sun.java.command = com.mycompany.neo4jjava.Main
2018-03-13 16:50:55.775+0000 INFO [o.n.k.i.DiagnosticsManager] sun.arch.data.model = 64
2018-03-13 16:50:55.775+0000 INFO [o.n.k.i.DiagnosticsManager] user.language = es
2018-03-13 16:50:55.775+0000 INFO [o.n.k.i.DiagnosticsManager] awt.toolkit = sun.awt.windows.WToolkit
2018-03-13 16:50:55.775+0000 INFO [o.n.k.i.DiagnosticsManager] file.separator = \
2018-03-13 16:50:55.775+0000 INFO [o.n.k.i.DiagnosticsManager] sun.io.unicode.encoding = UnicodeLittle
2018-03-13 16:50:55.775+0000 INFO [o.n.k.i.DiagnosticsManager] sun.cpu.endian = little
2018-03-13 16:50:55.775+0000 INFO [o.n.k.i.DiagnosticsManager] sun.desktop = windows
2018-03-13 16:50:55.775+0000 INFO [o.n.k.i.DiagnosticsManager] sun.cpu.isalist = amd64
2018-03-13 16:50:55.775+0000 INFO [o.n.k.i.DiagnosticsManager] Network information:
2018-03-13 16:50:55.807+0000 INFO [o.n.k.i.DiagnosticsManager] Interface Software Loopback Interface 1:
2018-03-13 16:50:55.807+0000 INFO [o.n.k.i.DiagnosticsManager]     address: 127.0.0.1
2018-03-13 16:50:55.807+0000 INFO [o.n.k.i.DiagnosticsManager]     address: 0:0:0:0:0:0:0:1
2018-03-13 16:50:55.807+0000 INFO [o.n.k.i.DiagnosticsManager] Interface WAN Miniport (PPPOE):
2018-03-13 16:50:55.807+0000 INFO [o.n.k.i.DiagnosticsManager] Interface VMware Virtual Ethernet Adapter for VMnet1:
2018-03-13 16:50:55.807+0000 INFO [o.n.k.i.DiagnosticsManager]     address: 192.168.126.1
2018-03-13 16:50:55.807+0000 INFO [o.n.k.i.DiagnosticsManager]     address: fe80:0:0:0:3890:ed43:ecf9:7cda%eth0
2018-03-13 16:50:55.807+0000 INFO [o.n.k.i.DiagnosticsManager] Interface WAN Miniport (IKEv2):
2018-03-13 16:50:55.807+0000 INFO [o.n.k.i.DiagnosticsManager] Interface WAN Miniport (IP):
2018-03-13 16:50:55.807+0000 INFO [o.n.k.i.DiagnosticsManager] Interface RAS Async Adapter:
2018-03-13 16:50:55.807+0000 INFO [o.n.k.i.DiagnosticsManager] Interface WAN Miniport (Network Monitor):
2018-03-13 16:50:55.807+0000 INFO [o.n.k.i.DiagnosticsManager] Interface Microsoft Kernel Debug Network Adapter:
2018-03-13 16:50:55.807+0000 INFO [o.n.k.i.DiagnosticsManager] Interface Teredo Tunneling Pseudo-Interface:
2018-03-13 16:50:55.807+0000 INFO [o.n.k.i.DiagnosticsManager] Interface WAN Miniport (IPv6):
2018-03-13 16:50:55.807+0000 INFO [o.n.k.i.DiagnosticsManager] Interface VirtualBox Host-Only Ethernet Adapter:
2018-03-13 16:50:55.807+0000 INFO [o.n.k.i.DiagnosticsManager] Interface VMware Virtual Ethernet Adapter for VMnet8:
2018-03-13 16:50:55.807+0000 INFO [o.n.k.i.DiagnosticsManager]     address: 192.168.174.1
2018-03-13 16:50:55.807+0000 INFO [o.n.k.i.DiagnosticsManager]     address: fe80:0:0:0:68ab:163f:9972:87b3%eth6
2018-03-13 16:50:55.807+0000 INFO [o.n.k.i.DiagnosticsManager] Interface WAN Miniport (SSTP):
2018-03-13 16:50:55.807+0000 INFO [o.n.k.i.DiagnosticsManager] Interface WAN Miniport (L2TP):
2018-03-13 16:50:55.807+0000 INFO [o.n.k.i.DiagnosticsManager] Interface Realtek PCIe GBE Family Controller:
2018-03-13 16:50:55.807+0000 INFO [o.n.k.i.DiagnosticsManager]     address: 192.168.32.94
2018-03-13 16:50:55.807+0000 INFO [o.n.k.i.DiagnosticsManager]     address: fe80:0:0:0:e946:5fae:16b2:4d60%eth7
2018-03-13 16:50:55.807+0000 INFO [o.n.k.i.DiagnosticsManager] Interface WAN Miniport (PPTP):
2018-03-13 16:50:55.807+0000 INFO [o.n.k.i.DiagnosticsManager] Interface Realtek PCIe GBE Family Controller-WFP Native MAC Layer LightWeight Filter-0000:
2018-03-13 16:50:55.807+0000 INFO [o.n.k.i.DiagnosticsManager] Interface Realtek PCIe GBE Family Controller-VirtualBox NDIS Light-Weight Filter-0000:
2018-03-13 16:50:55.807+0000 INFO [o.n.k.i.DiagnosticsManager] Interface Realtek PCIe GBE Family Controller-QoS Packet Scheduler-0000:
2018-03-13 16:50:55.807+0000 INFO [o.n.k.i.DiagnosticsManager] Interface Realtek PCIe GBE Family Controller-WFP 802.3 MAC Layer LightWeight Filter-0000:
2018-03-13 16:50:55.807+0000 INFO [o.n.k.i.DiagnosticsManager] Interface WAN Miniport (IP)-WFP Native MAC Layer LightWeight Filter-0000:
2018-03-13 16:50:55.807+0000 INFO [o.n.k.i.DiagnosticsManager] Interface WAN Miniport (IP)-QoS Packet Scheduler-0000:
2018-03-13 16:50:55.807+0000 INFO [o.n.k.i.DiagnosticsManager] Interface WAN Miniport (IPv6)-WFP Native MAC Layer LightWeight Filter-0000:
2018-03-13 16:50:55.807+0000 INFO [o.n.k.i.DiagnosticsManager] Interface WAN Miniport (IPv6)-QoS Packet Scheduler-0000:
2018-03-13 16:50:55.807+0000 INFO [o.n.k.i.DiagnosticsManager] Interface WAN Miniport (Network Monitor)-WFP Native MAC Layer LightWeight Filter-0000:
2018-03-13 16:50:55.807+0000 INFO [o.n.k.i.DiagnosticsManager] Interface WAN Miniport (Network Monitor)-QoS Packet Scheduler-0000:
2018-03-13 16:50:55.807+0000 INFO [o.n.k.i.DiagnosticsManager] --- INITIALIZED diagnostics END ---
2018-03-13 16:50:55.939+0000 INFO [o.n.k.i.s.f.RecordFormatSelector] Selected format 'RecordFormat:StandardV3_2[v0.A.8]' for the new store
2018-03-13 16:50:57.532+0000 INFO [o.n.k.i.a.i.IndexingService] IndexingService.init: indexes not specifically mentioned above are null
2018-03-13 16:50:57.543+0000 INFO [o.n.k.i.i.l.NativeLabelScanStore] No scan store found, this might just be first use. Preparing to rebuild.
2018-03-13 16:50:57.654+0000 INFO [o.n.k.NeoStoreDataSource] Opened logical log [C:\Users\alu2015059\Desktop\Neo4jJava\data\cars\neostore.transaction.db.0] version=0, lastTxId=1 (clean)
2018-03-13 16:50:57.660+0000 INFO [o.n.k.NeoStoreDataSource] No commits found after last check point (which is at <no log position given>)
2018-03-13 16:50:57.673+0000 WARN [o.n.k.i.s.MetaDataStore] Missing counts store, rebuilding it.
2018-03-13 16:50:57.813+0000 WARN [o.n.k.i.s.MetaDataStore] Counts store rebuild completed.
2018-03-13 16:50:57.857+0000 INFO [o.n.k.i.a.i.IndexingService] IndexingService.start: indexes not specifically mentioned above are null
2018-03-13 16:50:57.859+0000 INFO [o.n.k.i.i.l.NativeLabelScanStore] Rebuilding scan store, this may take a while
2018-03-13 16:50:57.900+0000 INFO [o.n.k.i.i.l.NativeLabelScanStore] Scan store rebuilt (roughly 0 nodes)
2018-03-13 16:50:57.900+0000 INFO [o.n.k.i.DatabaseHealth] Database health set to OK
2018-03-13 16:50:58.284+0000 INFO [o.n.k.AvailabilityGuard] Fulfilling of requirement makes database available: Database available
2018-03-13 16:50:58.284+0000 INFO [o.n.k.i.f.GraphDatabaseFacadeFactory] Database is now ready
2018-03-13 16:50:58.284+0000 INFO [o.n.k.i.DiagnosticsManager] --- STARTED diagnostics for KernelDiagnostics:Versions START ---
2018-03-13 16:50:58.284+0000 INFO [o.n.k.i.DiagnosticsManager] Graph Database: community single StoreId{creationTime=1520959857281, randomId=-5329723291465236618, storeVersion=15813456178476550, upgradeTime=1520959857281, upgradeId=1}
2018-03-13 16:50:58.284+0000 INFO [o.n.k.i.DiagnosticsManager] Kernel version: 3.3.3,13ce0dc2e5eb1d72cc4e8df41612e4ec136c83e3
2018-03-13 16:50:58.284+0000 INFO [o.n.k.i.DiagnosticsManager] --- STARTED diagnostics for KernelDiagnostics:Versions END ---
2018-03-13 16:50:58.300+0000 INFO [o.n.k.i.DiagnosticsManager] --- STARTED diagnostics for NEO_STORE_VERSIONS START ---
2018-03-13 16:50:58.300+0000 INFO [o.n.k.i.DiagnosticsManager] Store versions:
2018-03-13 16:50:58.300+0000 INFO [o.n.k.i.DiagnosticsManager] Store versions:
2018-03-13 16:50:58.300+0000 INFO [o.n.k.i.DiagnosticsManager]   ArrayPropertyStore v0.A.8
2018-03-13 16:50:58.300+0000 INFO [o.n.k.i.DiagnosticsManager]   NodeStore v0.A.8
2018-03-13 16:50:58.300+0000 INFO [o.n.k.i.DiagnosticsManager]   StringPropertyStore v0.A.8
2018-03-13 16:50:58.300+0000 INFO [o.n.k.i.DiagnosticsManager]   PropertyIndexStore v0.A.8
2018-03-13 16:50:58.300+0000 INFO [o.n.k.i.DiagnosticsManager]   StringPropertyStore v0.A.8
2018-03-13 16:50:58.300+0000 INFO [o.n.k.i.DiagnosticsManager]   ArrayPropertyStore v0.A.8
2018-03-13 16:50:58.300+0000 INFO [o.n.k.i.DiagnosticsManager]   PropertyStore v0.A.8
2018-03-13 16:50:58.300+0000 INFO [o.n.k.i.DiagnosticsManager]   RelationshipStore v0.A.8
2018-03-13 16:50:58.300+0000 INFO [o.n.k.i.DiagnosticsManager]   StringPropertyStore v0.A.8
2018-03-13 16:50:58.300+0000 INFO [o.n.k.i.DiagnosticsManager]   RelationshipTypeStore v0.A.8
2018-03-13 16:50:58.300+0000 INFO [o.n.k.i.DiagnosticsManager]   StringPropertyStore v0.A.8
2018-03-13 16:50:58.300+0000 INFO [o.n.k.i.DiagnosticsManager]   LabelTokenStore v0.A.8
2018-03-13 16:50:58.300+0000 INFO [o.n.k.i.DiagnosticsManager]   SchemaStore v0.A.8
2018-03-13 16:50:58.300+0000 INFO [o.n.k.i.DiagnosticsManager]   RelationshipGroupStore v0.A.8
2018-03-13 16:50:58.300+0000 INFO [o.n.k.i.DiagnosticsManager]   NeoStore v0.A.8
2018-03-13 16:50:58.300+0000 INFO [o.n.k.i.DiagnosticsManager] --- STARTED diagnostics for NEO_STORE_VERSIONS END ---
2018-03-13 16:50:58.300+0000 INFO [o.n.k.i.DiagnosticsManager] --- STARTED diagnostics for NEO_STORE_ID_USAGE START ---
2018-03-13 16:50:58.300+0000 INFO [o.n.k.i.DiagnosticsManager] Id usage:
2018-03-13 16:50:58.300+0000 INFO [o.n.k.i.DiagnosticsManager] Id usage:
2018-03-13 16:50:58.300+0000 INFO [o.n.k.i.DiagnosticsManager]   ArrayPropertyStore: used=1 high=0
2018-03-13 16:50:58.300+0000 INFO [o.n.k.i.DiagnosticsManager]   NodeStore: used=0 high=-1
2018-03-13 16:50:58.315+0000 INFO [o.n.k.i.DiagnosticsManager]   StringPropertyStore: used=1 high=0
2018-03-13 16:50:58.315+0000 INFO [o.n.k.i.DiagnosticsManager]   PropertyIndexStore: used=0 high=-1
2018-03-13 16:50:58.315+0000 INFO [o.n.k.i.DiagnosticsManager]   StringPropertyStore: used=1 high=0
2018-03-13 16:50:58.315+0000 INFO [o.n.k.i.DiagnosticsManager]   ArrayPropertyStore: used=1 high=0
2018-03-13 16:50:58.315+0000 INFO [o.n.k.i.DiagnosticsManager]   PropertyStore: used=0 high=-1
2018-03-13 16:50:58.315+0000 INFO [o.n.k.i.DiagnosticsManager]   RelationshipStore: used=0 high=-1
2018-03-13 16:50:58.315+0000 INFO [o.n.k.i.DiagnosticsManager]   StringPropertyStore: used=1 high=0
2018-03-13 16:50:58.315+0000 INFO [o.n.k.i.DiagnosticsManager]   RelationshipTypeStore: used=0 high=-1
2018-03-13 16:50:58.315+0000 INFO [o.n.k.i.DiagnosticsManager]   StringPropertyStore: used=1 high=0
2018-03-13 16:50:58.315+0000 INFO [o.n.k.i.DiagnosticsManager]   LabelTokenStore: used=0 high=-1
2018-03-13 16:50:58.315+0000 INFO [o.n.k.i.DiagnosticsManager]   SchemaStore: used=1 high=0
2018-03-13 16:50:58.315+0000 INFO [o.n.k.i.DiagnosticsManager]   RelationshipGroupStore: used=1 high=0
2018-03-13 16:50:58.315+0000 INFO [o.n.k.i.DiagnosticsManager]   NeoStore: used=15 high=14
2018-03-13 16:50:58.315+0000 INFO [o.n.k.i.DiagnosticsManager] --- STARTED diagnostics for NEO_STORE_ID_USAGE END ---
2018-03-13 16:50:58.315+0000 INFO [o.n.k.i.DiagnosticsManager] --- STARTED diagnostics for NEO_STORE_RECORDS START ---
2018-03-13 16:50:58.315+0000 INFO [o.n.k.i.DiagnosticsManager] Neostore records:
2018-03-13 16:50:58.315+0000 INFO [o.n.k.i.DiagnosticsManager] TIME (Creation time): 1520959857281
2018-03-13 16:50:58.315+0000 INFO [o.n.k.i.DiagnosticsManager] RANDOM_NUMBER (Random number for store id): -5329723291465236618
2018-03-13 16:50:58.315+0000 INFO [o.n.k.i.DiagnosticsManager] LOG_VERSION (Current log version): 0
2018-03-13 16:50:58.315+0000 INFO [o.n.k.i.DiagnosticsManager] LAST_TRANSACTION_ID (Last committed transaction): 1
2018-03-13 16:50:58.315+0000 INFO [o.n.k.i.DiagnosticsManager] STORE_VERSION (Store format version): 15813456178476550
2018-03-13 16:50:58.315+0000 INFO [o.n.k.i.DiagnosticsManager] FIRST_GRAPH_PROPERTY (First property record containing graph properties): -1
2018-03-13 16:50:58.315+0000 INFO [o.n.k.i.DiagnosticsManager] LAST_CONSTRAINT_TRANSACTION (Last committed transaction containing constraint changes): 0
2018-03-13 16:50:58.315+0000 INFO [o.n.k.i.DiagnosticsManager] UPGRADE_TRANSACTION_ID (Transaction id most recent upgrade was performed at): 1
2018-03-13 16:50:58.315+0000 INFO [o.n.k.i.DiagnosticsManager] UPGRADE_TIME (Time of last upgrade): 1520959857281
2018-03-13 16:50:58.315+0000 INFO [o.n.k.i.DiagnosticsManager] LAST_TRANSACTION_CHECKSUM (Checksum of last committed transaction): 0
2018-03-13 16:50:58.315+0000 INFO [o.n.k.i.DiagnosticsManager] UPGRADE_TRANSACTION_CHECKSUM (Checksum of transaction id the most recent upgrade was performed at): 0
2018-03-13 16:50:58.331+0000 INFO [o.n.k.i.DiagnosticsManager] LAST_CLOSED_TRANSACTION_LOG_VERSION (Log version where the last transaction commit entry has been written into): 0
2018-03-13 16:50:58.331+0000 INFO [o.n.k.i.DiagnosticsManager] LAST_CLOSED_TRANSACTION_LOG_BYTE_OFFSET (Byte offset in the log file where the last transaction commit entry has been written into): 16
2018-03-13 16:50:58.331+0000 INFO [o.n.k.i.DiagnosticsManager] LAST_TRANSACTION_COMMIT_TIMESTAMP (Commit time timestamp for last committed transaction): 0
2018-03-13 16:50:58.331+0000 INFO [o.n.k.i.DiagnosticsManager] UPGRADE_TRANSACTION_COMMIT_TIMESTAMP (Commit timestamp of transaction the most recent upgrade was performed at): 0
2018-03-13 16:50:58.331+0000 INFO [o.n.k.i.DiagnosticsManager] --- STARTED diagnostics for NEO_STORE_RECORDS END ---
2018-03-13 16:50:58.331+0000 INFO [o.n.k.i.DiagnosticsManager] --- STARTED diagnostics for TRANSACTION_RANGE START ---
2018-03-13 16:50:58.331+0000 INFO [o.n.k.i.DiagnosticsManager] Transaction log:
2018-03-13 16:50:58.331+0000 INFO [o.n.k.i.DiagnosticsManager] No transactions found in any log
2018-03-13 16:50:58.331+0000 INFO [o.n.k.i.DiagnosticsManager] --- STARTED diagnostics for TRANSACTION_RANGE END ---
2018-03-13 16:50:58.343+0000 INFO [o.n.k.i.DiagnosticsManager] --- STARTED diagnostics for KernelDiagnostics:StoreFiles START ---
2018-03-13 16:50:58.346+0000 INFO [o.n.k.i.DiagnosticsManager] Disk space on partition (Total / Free / Free %): 499513290752 / 223746117632 / 44
2018-03-13 16:50:58.347+0000 INFO [o.n.k.i.DiagnosticsManager] Storage files: (filename : modification date - size)
2018-03-13 16:50:58.351+0000 INFO [o.n.k.i.DiagnosticsManager]   index:
2018-03-13 16:50:58.352+0000 INFO [o.n.k.i.DiagnosticsManager]   - Total: 2018-03-13T17:50:57+0100 - 0,00 B
2018-03-13 16:50:58.354+0000 INFO [o.n.k.i.DiagnosticsManager]   logs:
2018-03-13 16:50:58.356+0000 INFO [o.n.k.i.DiagnosticsManager]     debug.log: 2018-03-13T17:50:57+0100 - 37,43 kB
2018-03-13 16:50:58.358+0000 INFO [o.n.k.i.DiagnosticsManager]   - Total: 2018-03-13T17:50:55+0100 - 37,43 kB
2018-03-13 16:50:58.359+0000 INFO [o.n.k.i.DiagnosticsManager]   neostore: 2018-03-13T17:50:57+0100 - 8,00 kB
2018-03-13 16:50:58.360+0000 INFO [o.n.k.i.DiagnosticsManager]   neostore.counts.db.a: 2018-03-13T17:50:57+0100 - 96,00 B
2018-03-13 16:50:58.363+0000 INFO [o.n.k.i.DiagnosticsManager]   neostore.id: 2018-03-13T17:50:57+0100 - 9,00 B
2018-03-13 16:50:58.375+0000 INFO [o.n.k.i.DiagnosticsManager]   neostore.labelscanstore.db: 2018-03-13T17:50:57+0100 - 40,00 kB
2018-03-13 16:50:58.375+0000 INFO [o.n.k.i.DiagnosticsManager]   neostore.labeltokenstore.db: 2018-03-13T17:50:56+0100 - 0,00 B
2018-03-13 16:50:58.377+0000 INFO [o.n.k.i.DiagnosticsManager]   neostore.labeltokenstore.db.id: 2018-03-13T17:50:56+0100 - 9,00 B
2018-03-13 16:50:58.378+0000 INFO [o.n.k.i.DiagnosticsManager]   neostore.labeltokenstore.db.names: 2018-03-13T17:50:56+0100 - 8,00 kB
2018-03-13 16:50:58.379+0000 INFO [o.n.k.i.DiagnosticsManager]   neostore.labeltokenstore.db.names.id: 2018-03-13T17:50:56+0100 - 9,00 B
2018-03-13 16:50:58.380+0000 INFO [o.n.k.i.DiagnosticsManager]   neostore.nodestore.db: 2018-03-13T17:50:56+0100 - 0,00 B
2018-03-13 16:50:58.382+0000 INFO [o.n.k.i.DiagnosticsManager]   neostore.nodestore.db.id: 2018-03-13T17:50:56+0100 - 9,00 B
2018-03-13 16:50:58.383+0000 INFO [o.n.k.i.DiagnosticsManager]   neostore.nodestore.db.labels: 2018-03-13T17:50:56+0100 - 8,00 kB
2018-03-13 16:50:58.384+0000 INFO [o.n.k.i.DiagnosticsManager]   neostore.nodestore.db.labels.id: 2018-03-13T17:50:56+0100 - 9,00 B
2018-03-13 16:50:58.385+0000 INFO [o.n.k.i.DiagnosticsManager]   neostore.propertystore.db: 2018-03-13T17:50:56+0100 - 0,00 B
2018-03-13 16:50:58.385+0000 INFO [o.n.k.i.DiagnosticsManager]   neostore.propertystore.db.arrays: 2018-03-13T17:50:56+0100 - 8,00 kB
2018-03-13 16:50:58.385+0000 INFO [o.n.k.i.DiagnosticsManager]   neostore.propertystore.db.arrays.id: 2018-03-13T17:50:56+0100 - 9,00 B
2018-03-13 16:50:58.385+0000 INFO [o.n.k.i.DiagnosticsManager]   neostore.propertystore.db.id: 2018-03-13T17:50:56+0100 - 9,00 B
2018-03-13 16:50:58.385+0000 INFO [o.n.k.i.DiagnosticsManager]   neostore.propertystore.db.index: 2018-03-13T17:50:56+0100 - 0,00 B
2018-03-13 16:50:58.385+0000 INFO [o.n.k.i.DiagnosticsManager]   neostore.propertystore.db.index.id: 2018-03-13T17:50:56+0100 - 9,00 B
2018-03-13 16:50:58.385+0000 INFO [o.n.k.i.DiagnosticsManager]   neostore.propertystore.db.index.keys: 2018-03-13T17:50:56+0100 - 8,00 kB
2018-03-13 16:50:58.385+0000 INFO [o.n.k.i.DiagnosticsManager]   neostore.propertystore.db.index.keys.id: 2018-03-13T17:50:56+0100 - 9,00 B
2018-03-13 16:50:58.385+0000 INFO [o.n.k.i.DiagnosticsManager]   neostore.propertystore.db.strings: 2018-03-13T17:50:56+0100 - 8,00 kB
2018-03-13 16:50:58.385+0000 INFO [o.n.k.i.DiagnosticsManager]   neostore.propertystore.db.strings.id: 2018-03-13T17:50:56+0100 - 9,00 B
2018-03-13 16:50:58.385+0000 INFO [o.n.k.i.DiagnosticsManager]   neostore.relationshipgroupstore.db: 2018-03-13T17:50:57+0100 - 8,00 kB
2018-03-13 16:50:58.385+0000 INFO [o.n.k.i.DiagnosticsManager]   neostore.relationshipgroupstore.db.id: 2018-03-13T17:50:57+0100 - 9,00 B
2018-03-13 16:50:58.385+0000 INFO [o.n.k.i.DiagnosticsManager]   neostore.relationshipstore.db: 2018-03-13T17:50:56+0100 - 0,00 B
2018-03-13 16:50:58.400+0000 INFO [o.n.k.i.DiagnosticsManager]   neostore.relationshipstore.db.id: 2018-03-13T17:50:56+0100 - 9,00 B
2018-03-13 16:50:58.400+0000 INFO [o.n.k.i.DiagnosticsManager]   neostore.relationshiptypestore.db: 2018-03-13T17:50:56+0100 - 0,00 B
2018-03-13 16:50:58.400+0000 INFO [o.n.k.i.DiagnosticsManager]   neostore.relationshiptypestore.db.id: 2018-03-13T17:50:56+0100 - 9,00 B
2018-03-13 16:50:58.400+0000 INFO [o.n.k.i.DiagnosticsManager]   neostore.relationshiptypestore.db.names: 2018-03-13T17:50:56+0100 - 8,00 kB
2018-03-13 16:50:58.400+0000 INFO [o.n.k.i.DiagnosticsManager]   neostore.relationshiptypestore.db.names.id: 2018-03-13T17:50:56+0100 - 9,00 B
2018-03-13 16:50:58.400+0000 INFO [o.n.k.i.DiagnosticsManager]   neostore.schemastore.db: 2018-03-13T17:50:57+0100 - 8,00 kB
2018-03-13 16:50:58.400+0000 INFO [o.n.k.i.DiagnosticsManager]   neostore.schemastore.db.id: 2018-03-13T17:50:57+0100 - 9,00 B
2018-03-13 16:50:58.400+0000 INFO [o.n.k.i.DiagnosticsManager]   neostore.transaction.db.0: 2018-03-13T17:50:57+0100 - 16,00 B
2018-03-13 16:50:58.400+0000 INFO [o.n.k.i.DiagnosticsManager]   store_lock: 2018-03-13T17:50:55+0100 - 0,00 B
2018-03-13 16:50:58.400+0000 INFO [o.n.k.i.DiagnosticsManager] Storage summary: 
2018-03-13 16:50:58.400+0000 INFO [o.n.k.i.DiagnosticsManager]   Total size of store: 149,67 kB
2018-03-13 16:50:58.400+0000 INFO [o.n.k.i.DiagnosticsManager]   Total size of mapped files: 112,00 kB
2018-03-13 16:50:58.400+0000 INFO [o.n.k.i.DiagnosticsManager] --- STARTED diagnostics for KernelDiagnostics:StoreFiles END ---
2018-03-13 16:51:17.314+0000 WARN [o.n.i.p.PageCache] The dbms.memory.pagecache.size setting has not been configured. It is recommended that this setting is always explicitly configured, to ensure the system has a balanced configuration. Until then, a computed heuristic value of 3287537664 bytes will be used instead. Run `neo4j-admin memrec` for memory configuration suggestions.
2018-03-13 16:51:17.859+0000 INFO [o.n.k.i.f.CommunityEditionModule] No locking implementation specified, defaulting to 'community'
2018-03-13 16:51:18.096+0000 INFO [o.n.k.AvailabilityGuard] Requirement makes database unavailable: Database available
2018-03-13 16:51:18.143+0000 INFO [o.n.k.i.DiagnosticsManager] --- INITIALIZED diagnostics START ---
2018-03-13 16:51:18.144+0000 INFO [o.n.k.i.DiagnosticsManager] Neo4j Kernel properties:
2018-03-13 16:51:18.144+0000 INFO [o.n.k.i.DiagnosticsManager] unsupported.dbms.directories.neo4j_home=C:\Users\alu2015059\Desktop\Neo4jJava\data\cars
2018-03-13 16:51:18.144+0000 INFO [o.n.k.i.DiagnosticsManager] unsupported.dbms.edition=community
2018-03-13 16:51:18.144+0000 INFO [o.n.k.i.DiagnosticsManager] unsupported.dbms.ephemeral=false
2018-03-13 16:51:18.145+0000 INFO [o.n.k.i.DiagnosticsManager] Diagnostics providers:
2018-03-13 16:51:18.145+0000 INFO [o.n.k.i.DiagnosticsManager] org.neo4j.kernel.configuration.Config
2018-03-13 16:51:18.145+0000 INFO [o.n.k.i.DiagnosticsManager] org.neo4j.kernel.info.DiagnosticsManager
2018-03-13 16:51:18.146+0000 INFO [o.n.k.i.DiagnosticsManager] SYSTEM_MEMORY
2018-03-13 16:51:18.146+0000 INFO [o.n.k.i.DiagnosticsManager] JAVA_MEMORY
2018-03-13 16:51:18.146+0000 INFO [o.n.k.i.DiagnosticsManager] OPERATING_SYSTEM
2018-03-13 16:51:18.146+0000 INFO [o.n.k.i.DiagnosticsManager] JAVA_VIRTUAL_MACHINE
2018-03-13 16:51:18.146+0000 INFO [o.n.k.i.DiagnosticsManager] CLASSPATH
2018-03-13 16:51:18.146+0000 INFO [o.n.k.i.DiagnosticsManager] LIBRARY_PATH
2018-03-13 16:51:18.146+0000 INFO [o.n.k.i.DiagnosticsManager] SYSTEM_PROPERTIES
2018-03-13 16:51:18.146+0000 INFO [o.n.k.i.DiagnosticsManager] NETWORK
2018-03-13 16:51:18.147+0000 INFO [o.n.k.i.DiagnosticsManager] System memory information:
2018-03-13 16:51:18.149+0000 INFO [o.n.k.i.DiagnosticsManager] Total Physical memory: 7,88 GB
2018-03-13 16:51:18.150+0000 INFO [o.n.k.i.DiagnosticsManager] Free Physical memory: 3,51 GB
2018-03-13 16:51:18.151+0000 INFO [o.n.k.i.DiagnosticsManager] Committed virtual memory: 295,90 MB
2018-03-13 16:51:18.151+0000 INFO [o.n.k.i.DiagnosticsManager] Total swap space: 10,13 GB
2018-03-13 16:51:18.151+0000 INFO [o.n.k.i.DiagnosticsManager] Free swap space: 4,28 GB
2018-03-13 16:51:18.151+0000 INFO [o.n.k.i.DiagnosticsManager] JVM memory information:
2018-03-13 16:51:18.151+0000 INFO [o.n.k.i.DiagnosticsManager] Free  memory: 96,33 MB
2018-03-13 16:51:18.152+0000 INFO [o.n.k.i.DiagnosticsManager] Total memory: 123,00 MB
2018-03-13 16:51:18.152+0000 INFO [o.n.k.i.DiagnosticsManager] Max   memory: 1,75 GB
2018-03-13 16:51:18.153+0000 INFO [o.n.k.i.DiagnosticsManager] Garbage Collector: PS Scavenge: [PS Eden Space, PS Survivor Space]
2018-03-13 16:51:18.154+0000 INFO [o.n.k.i.DiagnosticsManager] Garbage Collector: PS MarkSweep: [PS Eden Space, PS Survivor Space, PS Old Gen]
2018-03-13 16:51:18.154+0000 INFO [o.n.k.i.DiagnosticsManager] Memory Pool: Code Cache (Non-heap memory): committed=4,69 MB, used=4,64 MB, max=240,00 MB, threshold=0,00 B
2018-03-13 16:51:18.155+0000 INFO [o.n.k.i.DiagnosticsManager] Memory Pool: Metaspace (Non-heap memory): committed=13,13 MB, used=12,25 MB, max=-1,00 B, threshold=0,00 B
2018-03-13 16:51:18.155+0000 INFO [o.n.k.i.DiagnosticsManager] Memory Pool: Compressed Class Space (Non-heap memory): committed=1,88 MB, used=1,62 MB, max=1,00 GB, threshold=0,00 B
2018-03-13 16:51:18.155+0000 INFO [o.n.k.i.DiagnosticsManager] Memory Pool: PS Eden Space (Heap memory): committed=32,50 MB, used=20,28 MB, max=662,50 MB, threshold=?
2018-03-13 16:51:18.155+0000 INFO [o.n.k.i.DiagnosticsManager] Memory Pool: PS Survivor Space (Heap memory): committed=5,00 MB, used=4,99 MB, max=5,00 MB, threshold=?
2018-03-13 16:51:18.156+0000 INFO [o.n.k.i.DiagnosticsManager] Memory Pool: PS Old Gen (Heap memory): committed=85,50 MB, used=1,41 MB, max=1,31 GB, threshold=0,00 B
2018-03-13 16:51:18.156+0000 INFO [o.n.k.i.DiagnosticsManager] Operating system information:
2018-03-13 16:51:18.156+0000 INFO [o.n.k.i.DiagnosticsManager] Operating System: Windows 10; version: 10.0; arch: amd64; cpus: 4
2018-03-13 16:51:18.163+0000 INFO [o.n.k.i.DiagnosticsManager] Process id: 8692@A32o25
2018-03-13 16:51:18.163+0000 INFO [o.n.k.i.DiagnosticsManager] Byte order: LITTLE_ENDIAN
2018-03-13 16:51:18.165+0000 INFO [o.n.k.i.DiagnosticsManager] Local timezone: Europe/Paris
2018-03-13 16:51:18.165+0000 INFO [o.n.k.i.DiagnosticsManager] JVM information:
2018-03-13 16:51:18.166+0000 INFO [o.n.k.i.DiagnosticsManager] VM Name: Java HotSpot(TM) 64-Bit Server VM
2018-03-13 16:51:18.166+0000 INFO [o.n.k.i.DiagnosticsManager] VM Vendor: Oracle Corporation
2018-03-13 16:51:18.166+0000 INFO [o.n.k.i.DiagnosticsManager] VM Version: 25.144-b01
2018-03-13 16:51:18.166+0000 INFO [o.n.k.i.DiagnosticsManager] JIT compiler: HotSpot 64-Bit Tiered Compilers
2018-03-13 16:51:18.167+0000 INFO [o.n.k.i.DiagnosticsManager] VM Arguments: []
2018-03-13 16:51:18.167+0000 INFO [o.n.k.i.DiagnosticsManager] Java classpath:
2018-03-13 16:51:18.170+0000 INFO [o.n.k.i.DiagnosticsManager]  [classpath + loader.0] file:/C:/Users/alu2015059/.m2/repository/org/neo4j/neo4j-graph-matching/3.1.6/neo4j-graph-matching-3.1.6.jar
2018-03-13 16:51:18.170+0000 INFO [o.n.k.i.DiagnosticsManager]  [classpath + loader.0] file:/C:/Users/alu2015059/.m2/repository/org/neo4j/neo4j-cypher/3.3.3/neo4j-cypher-3.3.3.jar
2018-03-13 16:51:18.170+0000 INFO [o.n.k.i.DiagnosticsManager]  [classpath + loader.0] file:/C:/Users/alu2015059/.m2/repository/org/neo4j/neo4j-cypher-frontend-3.3/3.3.3/neo4j-cypher-frontend-3.3-3.3.3.jar
2018-03-13 16:51:18.170+0000 INFO [o.n.k.i.DiagnosticsManager]  [classpath + loader.0] file:/C:/Users/alu2015059/.m2/repository/org/neo4j/neo4j-unsafe/3.3.3/neo4j-unsafe-3.3.3.jar
2018-03-13 16:51:18.170+0000 INFO [o.n.k.i.DiagnosticsManager]  [classpath + loader.0] file:/C:/Users/alu2015059/.m2/repository/org/neo4j/neo4j-logging/3.3.3/neo4j-logging-3.3.3.jar
2018-03-13 16:51:18.170+0000 INFO [o.n.k.i.DiagnosticsManager]  [classpath + loader.0] file:/C:/Users/alu2015059/.m2/repository/org/neo4j/neo4j-index/3.3.3/neo4j-index-3.3.3.jar
2018-03-13 16:51:18.170+0000 INFO [o.n.k.i.DiagnosticsManager]  [classpath + loader.0] file:/C:/Users/alu2015059/.m2/repository/org/apache/commons/commons-compress/1.12/commons-compress-1.12.jar
2018-03-13 16:51:18.170+0000 INFO [o.n.k.i.DiagnosticsManager]  [classpath + loader.0] file:/C:/Users/alu2015059/.m2/repository/org/neo4j/neo4j-udc/3.3.3/neo4j-udc-3.3.3.jar
2018-03-13 16:51:18.170+0000 INFO [o.n.k.i.DiagnosticsManager]  [loader.1] file:/C:/Program%20Files/Java/jdk1.8.0_144/jre/lib/ext/sunpkcs11.jar
2018-03-13 16:51:18.170+0000 INFO [o.n.k.i.DiagnosticsManager]  [bootstrap] C:\Program Files\Java\jdk1.8.0_144\jre\lib\jsse.jar
2018-03-13 16:51:18.170+0000 INFO [o.n.k.i.DiagnosticsManager]  [bootstrap] C:\Program Files\Java\jdk1.8.0_144\jre\lib\jce.jar
2018-03-13 16:51:18.170+0000 INFO [o.n.k.i.DiagnosticsManager]  [classpath + loader.0] file:/C:/Users/alu2015059/.m2/repository/org/neo4j/neo4j-values/3.3.3/neo4j-values-3.3.3.jar
2018-03-13 16:51:18.170+0000 INFO [o.n.k.i.DiagnosticsManager]  [classpath + loader.0] file:/C:/Users/alu2015059/.m2/repository/org/neo4j/neo4j-consistency-check/3.3.3/neo4j-consistency-check-3.3.3.jar
2018-03-13 16:51:18.170+0000 INFO [o.n.k.i.DiagnosticsManager]  [classpath + loader.0] file:/C:/Users/alu2015059/.m2/repository/org/neo4j/neo4j-graph-algo/3.3.3/neo4j-graph-algo-3.3.3.jar
2018-03-13 16:51:18.170+0000 INFO [o.n.k.i.DiagnosticsManager]  [loader.1] file:/C:/Program%20Files/Java/jdk1.8.0_144/jre/lib/ext/zipfs.jar
2018-03-13 16:51:18.170+0000 INFO [o.n.k.i.DiagnosticsManager]  [classpath + loader.0] file:/C:/Users/alu2015059/.m2/repository/org/apache/commons/commons-lang3/3.5/commons-lang3-3.5.jar
2018-03-13 16:51:18.170+0000 INFO [o.n.k.i.DiagnosticsManager]  [classpath + loader.0] file:/C:/Users/alu2015059/.m2/repository/org/neo4j/neo4j-cypher-frontend-2.3/2.3.12/neo4j-cypher-frontend-2.3-2.3.12.jar
2018-03-13 16:51:18.170+0000 INFO [o.n.k.i.DiagnosticsManager]  [loader.1] file:/C:/Program%20Files/Java/jdk1.8.0_144/jre/lib/ext/access-bridge-64.jar
2018-03-13 16:51:18.170+0000 INFO [o.n.k.i.DiagnosticsManager]  [classpath + loader.0] file:/C:/Users/alu2015059/.m2/repository/org/ow2/asm/asm-analysis/5.2/asm-analysis-5.2.jar
2018-03-13 16:51:18.170+0000 INFO [o.n.k.i.DiagnosticsManager]  [bootstrap] C:\Program Files\Java\jdk1.8.0_144\jre\lib\rt.jar
2018-03-13 16:51:18.170+0000 INFO [o.n.k.i.DiagnosticsManager]  [bootstrap] C:\Program Files\Java\jdk1.8.0_144\jre\lib\jfr.jar
2018-03-13 16:51:18.170+0000 INFO [o.n.k.i.DiagnosticsManager]  [loader.1] file:/C:/Program%20Files/Java/jdk1.8.0_144/jre/lib/ext/sunec.jar
2018-03-13 16:51:18.170+0000 INFO [o.n.k.i.DiagnosticsManager]  [loader.1] file:/C:/Program%20Files/Java/jdk1.8.0_144/jre/lib/ext/nashorn.jar
2018-03-13 16:51:18.170+0000 INFO [o.n.k.i.DiagnosticsManager]  [classpath + loader.0] file:/C:/Users/alu2015059/.m2/repository/org/apache/lucene/lucene-queryparser/5.5.0/lucene-queryparser-5.5.0.jar
2018-03-13 16:51:18.170+0000 INFO [o.n.k.i.DiagnosticsManager]  [classpath + loader.0] file:/C:/Users/alu2015059/.m2/repository/org/bouncycastle/bcprov-jdk15on/1.53/bcprov-jdk15on-1.53.jar
2018-03-13 16:51:18.170+0000 INFO [o.n.k.i.DiagnosticsManager]  [classpath + loader.0] file:/C:/Users/alu2015059/.m2/repository/org/scala-lang/scala-library/2.11.12/scala-library-2.11.12.jar
2018-03-13 16:51:18.170+0000 INFO [o.n.k.i.DiagnosticsManager]  [classpath + loader.0] file:/C:/Users/alu2015059/.m2/repository/net/sf/opencsv/opencsv/2.3/opencsv-2.3.jar
2018-03-13 16:51:18.170+0000 INFO [o.n.k.i.DiagnosticsManager]  [classpath + loader.0] file:/C:/Users/alu2015059/.m2/repository/org/neo4j/neo4j-cypher-logical-plans-3.3/3.3.3/neo4j-cypher-logical-plans-3.3-3.3.3.jar
2018-03-13 16:51:18.170+0000 INFO [o.n.k.i.DiagnosticsManager]  [bootstrap] C:\Program Files\Java\jdk1.8.0_144\jre\lib\resources.jar
2018-03-13 16:51:18.170+0000 INFO [o.n.k.i.DiagnosticsManager]  [classpath + loader.0] file:/C:/Users/alu2015059/.m2/repository/org/neo4j/neo4j-cypher-frontend-3.1/3.1.6/neo4j-cypher-frontend-3.1-3.1.6.jar
2018-03-13 16:51:18.170+0000 INFO [o.n.k.i.DiagnosticsManager]  [loader.1] file:/C:/Program%20Files/Java/jdk1.8.0_144/jre/lib/ext/jfxrt.jar
2018-03-13 16:51:18.170+0000 INFO [o.n.k.i.DiagnosticsManager]  [classpath + loader.0] file:/C:/Users/alu2015059/.m2/repository/org/neo4j/neo4j-cypher-compiler-3.3/3.3.3/neo4j-cypher-compiler-3.3-3.3.3.jar
2018-03-13 16:51:18.170+0000 INFO [o.n.k.i.DiagnosticsManager]  [classpath + loader.0] file:/C:/Users/alu2015059/.m2/repository/org/ow2/asm/asm-tree/5.2/asm-tree-5.2.jar
2018-03-13 16:51:18.170+0000 INFO [o.n.k.i.DiagnosticsManager]  [bootstrap] C:\Program Files\Java\jdk1.8.0_144\jre\lib\charsets.jar
2018-03-13 16:51:18.170+0000 INFO [o.n.k.i.DiagnosticsManager]  [classpath + loader.0] file:/C:/Users/alu2015059/.m2/repository/org/neo4j/neo4j-csv/3.3.3/neo4j-csv-3.3.3.jar
2018-03-13 16:51:18.170+0000 INFO [o.n.k.i.DiagnosticsManager]  [classpath + loader.0] file:/C:/Users/alu2015059/.m2/repository/org/neo4j/neo4j-cypher-compiler-3.1/3.1.6/neo4j-cypher-compiler-3.1-3.1.6.jar
2018-03-13 16:51:18.170+0000 INFO [o.n.k.i.DiagnosticsManager]  [classpath + loader.0] file:/C:/Users/alu2015059/.m2/repository/org/neo4j/neo4j-codegen/3.3.3/neo4j-codegen-3.3.3.jar
2018-03-13 16:51:18.170+0000 INFO [o.n.k.i.DiagnosticsManager]  [loader.1] file:/C:/Program%20Files/Java/jdk1.8.0_144/jre/lib/ext/jaccess.jar
2018-03-13 16:51:18.170+0000 INFO [o.n.k.i.DiagnosticsManager]  [classpath + loader.0] file:/C:/Users/alu2015059/.m2/repository/org/neo4j/neo4j-graphdb-api/3.3.3/neo4j-graphdb-api-3.3.3.jar
2018-03-13 16:51:18.170+0000 INFO [o.n.k.i.DiagnosticsManager]  [classpath + loader.0] file:/C:/Users/alu2015059/.m2/repository/com/github/ben-manes/caffeine/caffeine/2.3.3/caffeine-2.3.3.jar
2018-03-13 16:51:18.170+0000 INFO [o.n.k.i.DiagnosticsManager]  [classpath + loader.0] file:/C:/Users/alu2015059/.m2/repository/org/neo4j/neo4j-import-tool/3.3.3/neo4j-import-tool-3.3.3.jar
2018-03-13 16:51:18.170+0000 INFO [o.n.k.i.DiagnosticsManager]  [loader.1] file:/C:/Program%20Files/Java/jdk1.8.0_144/jre/lib/ext/localedata.jar
2018-03-13 16:51:18.170+0000 INFO [o.n.k.i.DiagnosticsManager]  [classpath + loader.0] file:/C:/Users/alu2015059/.m2/repository/org/parboiled/parboiled-core/1.1.7/parboiled-core-1.1.7.jar
2018-03-13 16:51:18.170+0000 INFO [o.n.k.i.DiagnosticsManager]  [classpath + loader.0] file:/C:/Users/alu2015059/.m2/repository/org/neo4j/neo4j-lucene-index/3.3.3/neo4j-lucene-index-3.3.3.jar
2018-03-13 16:51:18.170+0000 INFO [o.n.k.i.DiagnosticsManager]  [classpath + loader.0] file:/C:/Users/alu2015059/.m2/repository/org/neo4j/neo4j-primitive-collections/3.3.3/neo4j-primitive-collections-3.3.3.jar
2018-03-13 16:51:18.170+0000 INFO [o.n.k.i.DiagnosticsManager]  [classpath + loader.0] file:/C:/Users/alu2015059/.m2/repository/org/neo4j/neo4j-common/3.3.3/neo4j-common-3.3.3.jar
2018-03-13 16:51:18.170+0000 INFO [o.n.k.i.DiagnosticsManager]  [classpath + loader.0] file:/C:/Users/alu2015059/.m2/repository/org/parboiled/parboiled-scala_2.11/1.1.7/parboiled-scala_2.11-1.1.7.jar
2018-03-13 16:51:18.170+0000 INFO [o.n.k.i.DiagnosticsManager]  [classpath + loader.0] file:/C:/Users/alu2015059/.m2/repository/org/apache/commons/commons-text/1.1/commons-text-1.1.jar
2018-03-13 16:51:18.170+0000 INFO [o.n.k.i.DiagnosticsManager]  [loader.1] file:/C:/Program%20Files/Java/jdk1.8.0_144/jre/lib/ext/sunjce_provider.jar
2018-03-13 16:51:18.170+0000 INFO [o.n.k.i.DiagnosticsManager]  [classpath + loader.0] file:/C:/Users/alu2015059/.m2/repository/org/neo4j/neo4j-lucene-upgrade/3.3.3/neo4j-lucene-upgrade-3.3.3.jar
2018-03-13 16:51:18.170+0000 INFO [o.n.k.i.DiagnosticsManager]  [classpath + loader.0] file:/C:/Users/alu2015059/.m2/repository/org/scala-lang/scala-reflect/2.11.12/scala-reflect-2.11.12.jar
2018-03-13 16:51:18.170+0000 INFO [o.n.k.i.DiagnosticsManager]  [classpath + loader.0] file:/C:/Users/alu2015059/.m2/repository/org/ow2/asm/asm/5.2/asm-5.2.jar
2018-03-13 16:51:18.170+0000 INFO [o.n.k.i.DiagnosticsManager]  [classpath + loader.0] file:/C:/Users/alu2015059/.m2/repository/org/ow2/asm/asm-util/5.2/asm-util-5.2.jar
2018-03-13 16:51:18.170+0000 INFO [o.n.k.i.DiagnosticsManager]  [classpath + loader.0] file:/C:/Users/alu2015059/.m2/repository/org/apache/lucene/lucene-analyzers-common/5.5.0/lucene-analyzers-common-5.5.0.jar
2018-03-13 16:51:18.170+0000 INFO [o.n.k.i.DiagnosticsManager]  [classpath + loader.0] file:/C:/Users/alu2015059/.m2/repository/org/neo4j/neo4j-ssl/3.3.3/neo4j-ssl-3.3.3.jar
2018-03-13 16:51:18.170+0000 INFO [o.n.k.i.DiagnosticsManager]  [classpath + loader.0] file:/C:/Users/alu2015059/Desktop/Neo4jJava/target/classes/
2018-03-13 16:51:18.170+0000 INFO [o.n.k.i.DiagnosticsManager]  [classpath + loader.0] file:/C:/Users/alu2015059/.m2/repository/org/neo4j/neo4j-command-line/3.3.3/neo4j-command-line-3.3.3.jar
2018-03-13 16:51:18.170+0000 INFO [o.n.k.i.DiagnosticsManager]  [bootstrap] C:\Program Files\Java\jdk1.8.0_144\jre\lib\sunrsasign.jar
2018-03-13 16:51:18.170+0000 INFO [o.n.k.i.DiagnosticsManager]  [classpath + loader.0] file:/C:/Users/alu2015059/.m2/repository/org/neo4j/neo4j-configuration/3.3.3/neo4j-configuration-3.3.3.jar
2018-03-13 16:51:18.170+0000 INFO [o.n.k.i.DiagnosticsManager]  [classpath + loader.0] file:/C:/Users/alu2015059/.m2/repository/org/neo4j/neo4j-collections/3.3.3/neo4j-collections-3.3.3.jar
2018-03-13 16:51:18.170+0000 INFO [o.n.k.i.DiagnosticsManager]  [classpath + loader.0] file:/C:/Users/alu2015059/.m2/repository/org/bouncycastle/bcpkix-jdk15on/1.53/bcpkix-jdk15on-1.53.jar
2018-03-13 16:51:18.170+0000 INFO [o.n.k.i.DiagnosticsManager]  [classpath + loader.0] file:/C:/Users/alu2015059/.m2/repository/org/neo4j/neo4j-cypher-ir-3.2/3.2.9/neo4j-cypher-ir-3.2-3.2.9.jar
2018-03-13 16:51:18.170+0000 INFO [o.n.k.i.DiagnosticsManager]  [classpath + loader.0] file:/C:/Users/alu2015059/.m2/repository/org/neo4j/neo4j-kernel/3.3.3/neo4j-kernel-3.3.3.jar
2018-03-13 16:51:18.170+0000 INFO [o.n.k.i.DiagnosticsManager]  [classpath + loader.0] file:/C:/Users/alu2015059/.m2/repository/org/apache/lucene/lucene-backward-codecs/5.5.0/lucene-backward-codecs-5.5.0.jar
2018-03-13 16:51:18.170+0000 INFO [o.n.k.i.DiagnosticsManager]  [classpath + loader.0] file:/C:/Users/alu2015059/.m2/repository/com/googlecode/concurrentlinkedhashmap/concurrentlinkedhashmap-lru/1.4.2/concurrentlinkedhashmap-lru-1.4.2.jar
2018-03-13 16:51:18.170+0000 INFO [o.n.k.i.DiagnosticsManager]  [classpath + loader.0] file:/C:/Users/alu2015059/.m2/repository/org/neo4j/neo4j-dbms/3.3.3/neo4j-dbms-3.3.3.jar
2018-03-13 16:51:18.170+0000 INFO [o.n.k.i.DiagnosticsManager]  [bootstrap] C:\Program Files\Java\jdk1.8.0_144\jre\classes
2018-03-13 16:51:18.170+0000 INFO [o.n.k.i.DiagnosticsManager]  [classpath + loader.0] file:/C:/Users/alu2015059/.m2/repository/org/neo4j/neo4j-resource/3.3.3/neo4j-resource-3.3.3.jar
2018-03-13 16:51:18.170+0000 INFO [o.n.k.i.DiagnosticsManager]  [classpath + loader.0] file:/C:/Users/alu2015059/.m2/repository/org/apache/lucene/lucene-core/5.5.0/lucene-core-5.5.0.jar
2018-03-13 16:51:18.170+0000 INFO [o.n.k.i.DiagnosticsManager]  [classpath + loader.0] file:/C:/Users/alu2015059/.m2/repository/org/apache/lucene/lucene-codecs/5.5.0/lucene-codecs-5.5.0.jar
2018-03-13 16:51:18.170+0000 INFO [o.n.k.i.DiagnosticsManager]  [classpath + loader.0] file:/C:/Users/alu2015059/.m2/repository/org/neo4j/neo4j-cypher-frontend-3.2/3.2.9/neo4j-cypher-frontend-3.2-3.2.9.jar
2018-03-13 16:51:18.170+0000 INFO [o.n.k.i.DiagnosticsManager]  [classpath + loader.0] file:/C:/Users/alu2015059/.m2/repository/org/neo4j/neo4j-cypher-ir-3.3/3.3.3/neo4j-cypher-ir-3.3-3.3.3.jar
2018-03-13 16:51:18.170+0000 INFO [o.n.k.i.DiagnosticsManager]  [classpath + loader.0] file:/C:/Users/alu2015059/.m2/repository/org/neo4j/neo4j-io/3.3.3/neo4j-io-3.3.3.jar
2018-03-13 16:51:18.170+0000 INFO [o.n.k.i.DiagnosticsManager]  [classpath + loader.0] file:/C:/Users/alu2015059/.m2/repository/org/neo4j/neo4j-cypher-compiler-3.2/3.2.9/neo4j-cypher-compiler-3.2-3.2.9.jar
2018-03-13 16:51:18.170+0000 INFO [o.n.k.i.DiagnosticsManager]  [classpath + loader.0] file:/C:/Users/alu2015059/.m2/repository/io/netty/netty-all/4.1.17.Final/netty-all-4.1.17.Final.jar
2018-03-13 16:51:18.170+0000 INFO [o.n.k.i.DiagnosticsManager]  [loader.1] file:/C:/Program%20Files/Java/jdk1.8.0_144/jre/lib/ext/sunmscapi.jar
2018-03-13 16:51:18.170+0000 INFO [o.n.k.i.DiagnosticsManager]  [classpath + loader.0] file:/C:/Users/alu2015059/.m2/repository/org/neo4j/neo4j/3.3.3/neo4j-3.3.3.jar
2018-03-13 16:51:18.170+0000 INFO [o.n.k.i.DiagnosticsManager]  [loader.1] file:/C:/Program%20Files/Java/jdk1.8.0_144/jre/lib/ext/dnsns.jar
2018-03-13 16:51:18.170+0000 INFO [o.n.k.i.DiagnosticsManager]  [classpath + loader.0] file:/C:/Users/alu2015059/.m2/repository/org/neo4j/neo4j-cypher-compiler-2.3/2.3.12/neo4j-cypher-compiler-2.3-2.3.12.jar
2018-03-13 16:51:18.170+0000 INFO [o.n.k.i.DiagnosticsManager]  [classpath + loader.0] file:/C:/Users/alu2015059/.m2/repository/org/neo4j/neo4j-jmx/3.3.3/neo4j-jmx-3.3.3.jar
2018-03-13 16:51:18.170+0000 INFO [o.n.k.i.DiagnosticsManager]  [loader.1] file:/C:/Program%20Files/Java/jdk1.8.0_144/jre/lib/ext/cldrdata.jar
2018-03-13 16:51:18.170+0000 INFO [o.n.k.i.DiagnosticsManager] Library path:
2018-03-13 16:51:18.170+0000 INFO [o.n.k.i.DiagnosticsManager] C:\Program Files\Java\jdk1.8.0_144\bin
2018-03-13 16:51:18.170+0000 INFO [o.n.k.i.DiagnosticsManager] C:\Windows\Sun\Java\bin
2018-03-13 16:51:18.170+0000 INFO [o.n.k.i.DiagnosticsManager] C:\Windows\System32
2018-03-13 16:51:18.170+0000 INFO [o.n.k.i.DiagnosticsManager] C:\Windows
2018-03-13 16:51:18.170+0000 INFO [o.n.k.i.DiagnosticsManager] C:\ProgramData\Oracle\Java\javapath
2018-03-13 16:51:18.170+0000 INFO [o.n.k.i.DiagnosticsManager] C:\Windows\System32
2018-03-13 16:51:18.170+0000 INFO [o.n.k.i.DiagnosticsManager] C:\Windows
2018-03-13 16:51:18.170+0000 INFO [o.n.k.i.DiagnosticsManager] C:\Windows\System32\wbem
2018-03-13 16:51:18.170+0000 INFO [o.n.k.i.DiagnosticsManager] C:\Windows\System32\WindowsPowerShell\v1.0
2018-03-13 16:51:18.170+0000 INFO [o.n.k.i.DiagnosticsManager] C:\Program Files\Common Files\Autodesk Shared
2018-03-13 16:51:18.170+0000 INFO [o.n.k.i.DiagnosticsManager] C:\Program Files (x86)\Autodesk\Backburner
2018-03-13 16:51:18.170+0000 INFO [o.n.k.i.DiagnosticsManager] C:\Program Files\Java\jdk1.8.0_144\bin
2018-03-13 16:51:18.170+0000 INFO [o.n.k.i.DiagnosticsManager] C:\Program Files\nodejs
2018-03-13 16:51:18.170+0000 INFO [o.n.k.i.DiagnosticsManager] C:\Program Files\PuTTY
2018-03-13 16:51:18.170+0000 INFO [o.n.k.i.DiagnosticsManager] C:\Users\alu2012095\AppData\Local\Microsoft\WindowsApps
2018-03-13 16:51:18.170+0000 INFO [o.n.k.i.DiagnosticsManager] C:\Users\alu2012095\AppData\Local\Programs\Git\cmd
2018-03-13 16:51:18.186+0000 INFO [o.n.k.i.DiagnosticsManager] C:\Users\alu2012095\AppData\Roaming\npm
2018-03-13 16:51:18.186+0000 INFO [o.n.k.i.DiagnosticsManager] C:\adb
2018-03-13 16:51:18.186+0000 INFO [o.n.k.i.DiagnosticsManager] C:\Program Files\Git\cmd
2018-03-13 16:51:18.186+0000 INFO [o.n.k.i.DiagnosticsManager] C:\Program Files\MySQL\MySQL Utilities 1.6
2018-03-13 16:51:18.186+0000 INFO [o.n.k.i.DiagnosticsManager] C:\Windows\System32
2018-03-13 16:51:18.186+0000 INFO [o.n.k.i.DiagnosticsManager] C:\Windows
2018-03-13 16:51:18.186+0000 INFO [o.n.k.i.DiagnosticsManager] C:\Windows\System32\wbem
2018-03-13 16:51:18.186+0000 INFO [o.n.k.i.DiagnosticsManager] C:\Windows\System32\WindowsPowerShell\v1.0
2018-03-13 16:51:18.186+0000 INFO [o.n.k.i.DiagnosticsManager] C:\Program Files (x86)\BaseX\bin
2018-03-13 16:51:18.186+0000 INFO [o.n.k.i.DiagnosticsManager] C:\Users\alu2015059\AppData\Local\Microsoft\WindowsApps
2018-03-13 16:51:18.186+0000 INFO [o.n.k.i.DiagnosticsManager] C:\Users\alu2015059\Desktop\Neo4jJava
2018-03-13 16:51:18.186+0000 INFO [o.n.k.i.DiagnosticsManager] C:\Users\alu2015059\Desktop\Neo4jJava
2018-03-13 16:51:18.186+0000 INFO [o.n.k.i.DiagnosticsManager] System.properties:
2018-03-13 16:51:18.186+0000 INFO [o.n.k.i.DiagnosticsManager] sun.boot.library.path = C:\Program Files\Java\jdk1.8.0_144\jre\bin
2018-03-13 16:51:18.186+0000 INFO [o.n.k.i.DiagnosticsManager] path.separator = ;
2018-03-13 16:51:18.186+0000 INFO [o.n.k.i.DiagnosticsManager] file.encoding.pkg = sun.io
2018-03-13 16:51:18.186+0000 INFO [o.n.k.i.DiagnosticsManager] user.country = ES
2018-03-13 16:51:18.186+0000 INFO [o.n.k.i.DiagnosticsManager] user.script = 
2018-03-13 16:51:18.186+0000 INFO [o.n.k.i.DiagnosticsManager] sun.java.launcher = SUN_STANDARD
2018-03-13 16:51:18.186+0000 INFO [o.n.k.i.DiagnosticsManager] sun.os.patch.level = 
2018-03-13 16:51:18.186+0000 INFO [o.n.k.i.DiagnosticsManager] user.dir = C:\Users\alu2015059\Desktop\Neo4jJava
2018-03-13 16:51:18.186+0000 INFO [o.n.k.i.DiagnosticsManager] user.variant = 
2018-03-13 16:51:18.186+0000 INFO [o.n.k.i.DiagnosticsManager] sun.jnu.encoding = Cp1252
2018-03-13 16:51:18.186+0000 INFO [o.n.k.i.DiagnosticsManager] sun.management.compiler = HotSpot 64-Bit Tiered Compilers
2018-03-13 16:51:18.186+0000 INFO [o.n.k.i.DiagnosticsManager] user.home = C:\Users\alu2015059
2018-03-13 16:51:18.186+0000 INFO [o.n.k.i.DiagnosticsManager] user.timezone = Europe/Paris
2018-03-13 16:51:18.186+0000 INFO [o.n.k.i.DiagnosticsManager] file.encoding = Cp1252
2018-03-13 16:51:18.186+0000 INFO [o.n.k.i.DiagnosticsManager] user.name = alu2015059
2018-03-13 16:51:18.186+0000 INFO [o.n.k.i.DiagnosticsManager] sun.java.command = com.mycompany.neo4jjava.Main
2018-03-13 16:51:18.186+0000 INFO [o.n.k.i.DiagnosticsManager] sun.arch.data.model = 64
2018-03-13 16:51:18.186+0000 INFO [o.n.k.i.DiagnosticsManager] user.language = es
2018-03-13 16:51:18.186+0000 INFO [o.n.k.i.DiagnosticsManager] awt.toolkit = sun.awt.windows.WToolkit
2018-03-13 16:51:18.186+0000 INFO [o.n.k.i.DiagnosticsManager] file.separator = \
2018-03-13 16:51:18.186+0000 INFO [o.n.k.i.DiagnosticsManager] sun.io.unicode.encoding = UnicodeLittle
2018-03-13 16:51:18.186+0000 INFO [o.n.k.i.DiagnosticsManager] sun.cpu.endian = little
2018-03-13 16:51:18.186+0000 INFO [o.n.k.i.DiagnosticsManager] sun.desktop = windows
2018-03-13 16:51:18.186+0000 INFO [o.n.k.i.DiagnosticsManager] sun.cpu.isalist = amd64
2018-03-13 16:51:18.186+0000 INFO [o.n.k.i.DiagnosticsManager] Network information:
2018-03-13 16:51:18.217+0000 INFO [o.n.k.i.DiagnosticsManager] Interface Software Loopback Interface 1:
2018-03-13 16:51:18.217+0000 INFO [o.n.k.i.DiagnosticsManager]     address: 127.0.0.1
2018-03-13 16:51:18.217+0000 INFO [o.n.k.i.DiagnosticsManager]     address: 0:0:0:0:0:0:0:1
2018-03-13 16:51:18.217+0000 INFO [o.n.k.i.DiagnosticsManager] Interface WAN Miniport (PPPOE):
2018-03-13 16:51:18.217+0000 INFO [o.n.k.i.DiagnosticsManager] Interface VMware Virtual Ethernet Adapter for VMnet1:
2018-03-13 16:51:18.217+0000 INFO [o.n.k.i.DiagnosticsManager]     address: 192.168.126.1
2018-03-13 16:51:18.217+0000 INFO [o.n.k.i.DiagnosticsManager]     address: fe80:0:0:0:3890:ed43:ecf9:7cda%eth0
2018-03-13 16:51:18.217+0000 INFO [o.n.k.i.DiagnosticsManager] Interface WAN Miniport (IKEv2):
2018-03-13 16:51:18.217+0000 INFO [o.n.k.i.DiagnosticsManager] Interface WAN Miniport (IP):
2018-03-13 16:51:18.217+0000 INFO [o.n.k.i.DiagnosticsManager] Interface RAS Async Adapter:
2018-03-13 16:51:18.217+0000 INFO [o.n.k.i.DiagnosticsManager] Interface WAN Miniport (Network Monitor):
2018-03-13 16:51:18.217+0000 INFO [o.n.k.i.DiagnosticsManager] Interface Microsoft Kernel Debug Network Adapter:
2018-03-13 16:51:18.217+0000 INFO [o.n.k.i.DiagnosticsManager] Interface Teredo Tunneling Pseudo-Interface:
2018-03-13 16:51:18.217+0000 INFO [o.n.k.i.DiagnosticsManager] Interface WAN Miniport (IPv6):
2018-03-13 16:51:18.217+0000 INFO [o.n.k.i.DiagnosticsManager] Interface VirtualBox Host-Only Ethernet Adapter:
2018-03-13 16:51:18.217+0000 INFO [o.n.k.i.DiagnosticsManager] Interface VMware Virtual Ethernet Adapter for VMnet8:
2018-03-13 16:51:18.217+0000 INFO [o.n.k.i.DiagnosticsManager]     address: 192.168.174.1
2018-03-13 16:51:18.217+0000 INFO [o.n.k.i.DiagnosticsManager]     address: fe80:0:0:0:68ab:163f:9972:87b3%eth6
2018-03-13 16:51:18.217+0000 INFO [o.n.k.i.DiagnosticsManager] Interface WAN Miniport (SSTP):
2018-03-13 16:51:18.217+0000 INFO [o.n.k.i.DiagnosticsManager] Interface WAN Miniport (L2TP):
2018-03-13 16:51:18.217+0000 INFO [o.n.k.i.DiagnosticsManager] Interface Realtek PCIe GBE Family Controller:
2018-03-13 16:51:18.217+0000 INFO [o.n.k.i.DiagnosticsManager]     address: 192.168.32.94
2018-03-13 16:51:18.217+0000 INFO [o.n.k.i.DiagnosticsManager]     address: fe80:0:0:0:e946:5fae:16b2:4d60%eth7
2018-03-13 16:51:18.217+0000 INFO [o.n.k.i.DiagnosticsManager] Interface WAN Miniport (PPTP):
2018-03-13 16:51:18.217+0000 INFO [o.n.k.i.DiagnosticsManager] Interface Realtek PCIe GBE Family Controller-WFP Native MAC Layer LightWeight Filter-0000:
2018-03-13 16:51:18.217+0000 INFO [o.n.k.i.DiagnosticsManager] Interface Realtek PCIe GBE Family Controller-VirtualBox NDIS Light-Weight Filter-0000:
2018-03-13 16:51:18.217+0000 INFO [o.n.k.i.DiagnosticsManager] Interface Realtek PCIe GBE Family Controller-QoS Packet Scheduler-0000:
2018-03-13 16:51:18.217+0000 INFO [o.n.k.i.DiagnosticsManager] Interface Realtek PCIe GBE Family Controller-WFP 802.3 MAC Layer LightWeight Filter-0000:
2018-03-13 16:51:18.217+0000 INFO [o.n.k.i.DiagnosticsManager] Interface WAN Miniport (IP)-WFP Native MAC Layer LightWeight Filter-0000:
2018-03-13 16:51:18.217+0000 INFO [o.n.k.i.DiagnosticsManager] Interface WAN Miniport (IP)-QoS Packet Scheduler-0000:
2018-03-13 16:51:18.217+0000 INFO [o.n.k.i.DiagnosticsManager] Interface WAN Miniport (IPv6)-WFP Native MAC Layer LightWeight Filter-0000:
2018-03-13 16:51:18.217+0000 INFO [o.n.k.i.DiagnosticsManager] Interface WAN Miniport (IPv6)-QoS Packet Scheduler-0000:
2018-03-13 16:51:18.217+0000 INFO [o.n.k.i.DiagnosticsManager] Interface WAN Miniport (Network Monitor)-WFP Native MAC Layer LightWeight Filter-0000:
2018-03-13 16:51:18.217+0000 INFO [o.n.k.i.DiagnosticsManager] Interface WAN Miniport (Network Monitor)-QoS Packet Scheduler-0000:
2018-03-13 16:51:18.217+0000 INFO [o.n.k.i.DiagnosticsManager] --- INITIALIZED diagnostics END ---
2018-03-13 16:51:18.459+0000 INFO [o.n.k.i.s.f.RecordFormatSelector] Selected RecordFormat:StandardV3_2[v0.A.8] record format from store C:\Users\alu2015059\Desktop\Neo4jJava\data\cars
2018-03-13 16:51:18.502+0000 INFO [o.n.k.i.s.f.RecordFormatSelector] Selected RecordFormat:StandardV3_2[v0.A.8] record format from store C:\Users\alu2015059\Desktop\Neo4jJava\data\cars
2018-03-13 16:51:18.502+0000 INFO [o.n.k.i.s.f.RecordFormatSelector] Format not configured. Selected format from the store: RecordFormat:StandardV3_2[v0.A.8]
2018-03-13 16:51:18.836+0000 INFO [o.n.k.i.a.i.IndexingService] IndexingService.init: indexes not specifically mentioned above are null
2018-03-13 16:51:18.927+0000 INFO [o.n.k.NeoStoreDataSource] No check point found in transaction log
2018-03-13 16:51:18.927+0000 INFO [o.n.k.NeoStoreDataSource] Recovery required from position LogPosition{logVersion=0, byteOffset=16}
2018-03-13 16:51:18.966+0000 INFO [o.n.k.i.s.DynamicArrayStore] Rebuilding id generator for[C:\Users\alu2015059\Desktop\Neo4jJava\data\cars\neostore.nodestore.db.labels] ...
2018-03-13 16:51:18.971+0000 INFO [o.n.k.i.i.l.NativeLabelScanStore] Scan store recovery completed: Number of cleaned crashed pointers: 0 Number of pages visited: 2 Time spent: 2ms
2018-03-13 16:51:19.019+0000 INFO [o.n.k.i.s.DynamicArrayStore] [C:\Users\alu2015059\Desktop\Neo4jJava\data\cars\neostore.nodestore.db.labels] high id=1 (defragged=0)
2018-03-13 16:51:19.019+0000 INFO [o.n.k.i.s.DynamicArrayStore] C:\Users\alu2015059\Desktop\Neo4jJava\data\cars\neostore.nodestore.db.labels rebuild id generator, highId=1 defragged count=0
2018-03-13 16:51:19.019+0000 INFO [o.n.k.i.s.NodeStore] Rebuilding id generator for[C:\Users\alu2015059\Desktop\Neo4jJava\data\cars\neostore.nodestore.db] ...
2018-03-13 16:51:19.089+0000 INFO [o.n.k.i.s.NodeStore] [C:\Users\alu2015059\Desktop\Neo4jJava\data\cars\neostore.nodestore.db] high id=0 (defragged=0)
2018-03-13 16:51:19.089+0000 INFO [o.n.k.i.s.NodeStore] C:\Users\alu2015059\Desktop\Neo4jJava\data\cars\neostore.nodestore.db rebuild id generator, highId=0 defragged count=0
2018-03-13 16:51:19.089+0000 INFO [o.n.k.i.s.DynamicStringStore] Rebuilding id generator for[C:\Users\alu2015059\Desktop\Neo4jJava\data\cars\neostore.propertystore.db.index.keys] ...
2018-03-13 16:51:19.146+0000 INFO [o.n.k.i.s.DynamicStringStore] [C:\Users\alu2015059\Desktop\Neo4jJava\data\cars\neostore.propertystore.db.index.keys] high id=5 (defragged=0)
2018-03-13 16:51:19.147+0000 INFO [o.n.k.i.s.DynamicStringStore] C:\Users\alu2015059\Desktop\Neo4jJava\data\cars\neostore.propertystore.db.index.keys rebuild id generator, highId=5 defragged count=0
2018-03-13 16:51:19.148+0000 INFO [o.n.k.i.s.PropertyKeyTokenStore] Rebuilding id generator for[C:\Users\alu2015059\Desktop\Neo4jJava\data\cars\neostore.propertystore.db.index] ...
2018-03-13 16:51:19.190+0000 INFO [o.n.k.i.s.PropertyKeyTokenStore] [C:\Users\alu2015059\Desktop\Neo4jJava\data\cars\neostore.propertystore.db.index] high id=4 (defragged=0)
2018-03-13 16:51:19.190+0000 INFO [o.n.k.i.s.PropertyKeyTokenStore] C:\Users\alu2015059\Desktop\Neo4jJava\data\cars\neostore.propertystore.db.index rebuild id generator, highId=4 defragged count=0
2018-03-13 16:51:19.268+0000 INFO [o.n.k.i.s.DynamicStringStore] Rebuilding id generator for[C:\Users\alu2015059\Desktop\Neo4jJava\data\cars\neostore.propertystore.db.strings] ...
2018-03-13 16:51:19.321+0000 INFO [o.n.k.i.s.DynamicStringStore] [C:\Users\alu2015059\Desktop\Neo4jJava\data\cars\neostore.propertystore.db.strings] high id=1 (defragged=0)
2018-03-13 16:51:19.321+0000 INFO [o.n.k.i.s.DynamicStringStore] C:\Users\alu2015059\Desktop\Neo4jJava\data\cars\neostore.propertystore.db.strings rebuild id generator, highId=1 defragged count=0
2018-03-13 16:51:19.321+0000 INFO [o.n.k.i.s.DynamicArrayStore] Rebuilding id generator for[C:\Users\alu2015059\Desktop\Neo4jJava\data\cars\neostore.propertystore.db.arrays] ...
2018-03-13 16:51:19.390+0000 INFO [o.n.k.i.s.DynamicArrayStore] [C:\Users\alu2015059\Desktop\Neo4jJava\data\cars\neostore.propertystore.db.arrays] high id=1 (defragged=0)
2018-03-13 16:51:19.390+0000 INFO [o.n.k.i.s.DynamicArrayStore] C:\Users\alu2015059\Desktop\Neo4jJava\data\cars\neostore.propertystore.db.arrays rebuild id generator, highId=1 defragged count=0
2018-03-13 16:51:19.390+0000 INFO [o.n.k.i.s.PropertyStore] Rebuilding id generator for[C:\Users\alu2015059\Desktop\Neo4jJava\data\cars\neostore.propertystore.db] ...
2018-03-13 16:51:19.475+0000 INFO [o.n.k.i.s.PropertyStore] [C:\Users\alu2015059\Desktop\Neo4jJava\data\cars\neostore.propertystore.db] high id=0 (defragged=0)
2018-03-13 16:51:19.490+0000 INFO [o.n.k.i.s.PropertyStore] C:\Users\alu2015059\Desktop\Neo4jJava\data\cars\neostore.propertystore.db rebuild id generator, highId=0 defragged count=0
2018-03-13 16:51:19.490+0000 INFO [o.n.k.i.s.RelationshipStore] Rebuilding id generator for[C:\Users\alu2015059\Desktop\Neo4jJava\data\cars\neostore.relationshipstore.db] ...
2018-03-13 16:51:19.545+0000 INFO [o.n.k.i.s.RelationshipStore] [C:\Users\alu2015059\Desktop\Neo4jJava\data\cars\neostore.relationshipstore.db] high id=0 (defragged=0)
2018-03-13 16:51:19.546+0000 INFO [o.n.k.i.s.RelationshipStore] C:\Users\alu2015059\Desktop\Neo4jJava\data\cars\neostore.relationshipstore.db rebuild id generator, highId=0 defragged count=0
2018-03-13 16:51:19.548+0000 INFO [o.n.k.i.s.DynamicStringStore] Rebuilding id generator for[C:\Users\alu2015059\Desktop\Neo4jJava\data\cars\neostore.relationshiptypestore.db.names] ...
2018-03-13 16:51:19.641+0000 INFO [o.n.k.i.s.DynamicStringStore] [C:\Users\alu2015059\Desktop\Neo4jJava\data\cars\neostore.relationshiptypestore.db.names] high id=2 (defragged=0)
2018-03-13 16:51:19.643+0000 INFO [o.n.k.i.s.DynamicStringStore] C:\Users\alu2015059\Desktop\Neo4jJava\data\cars\neostore.relationshiptypestore.db.names rebuild id generator, highId=2 defragged count=0
2018-03-13 16:51:19.645+0000 INFO [o.n.k.i.s.RelationshipTypeTokenStore] Rebuilding id generator for[C:\Users\alu2015059\Desktop\Neo4jJava\data\cars\neostore.relationshiptypestore.db] ...
2018-03-13 16:51:19.709+0000 INFO [o.n.k.i.s.RelationshipTypeTokenStore] [C:\Users\alu2015059\Desktop\Neo4jJava\data\cars\neostore.relationshiptypestore.db] high id=1 (defragged=0)
2018-03-13 16:51:19.709+0000 INFO [o.n.k.i.s.RelationshipTypeTokenStore] C:\Users\alu2015059\Desktop\Neo4jJava\data\cars\neostore.relationshiptypestore.db rebuild id generator, highId=1 defragged count=0
2018-03-13 16:51:19.803+0000 INFO [o.n.k.i.s.DynamicStringStore] Rebuilding id generator for[C:\Users\alu2015059\Desktop\Neo4jJava\data\cars\neostore.labeltokenstore.db.names] ...
2018-03-13 16:51:19.859+0000 INFO [o.n.k.i.s.DynamicStringStore] [C:\Users\alu2015059\Desktop\Neo4jJava\data\cars\neostore.labeltokenstore.db.names] high id=3 (defragged=0)
2018-03-13 16:51:19.860+0000 INFO [o.n.k.i.s.DynamicStringStore] C:\Users\alu2015059\Desktop\Neo4jJava\data\cars\neostore.labeltokenstore.db.names rebuild id generator, highId=3 defragged count=0
2018-03-13 16:51:19.860+0000 INFO [o.n.k.i.s.LabelTokenStore] Rebuilding id generator for[C:\Users\alu2015059\Desktop\Neo4jJava\data\cars\neostore.labeltokenstore.db] ...
2018-03-13 16:51:19.966+0000 INFO [o.n.k.i.s.LabelTokenStore] [C:\Users\alu2015059\Desktop\Neo4jJava\data\cars\neostore.labeltokenstore.db] high id=2 (defragged=0)
2018-03-13 16:51:19.967+0000 INFO [o.n.k.i.s.LabelTokenStore] C:\Users\alu2015059\Desktop\Neo4jJava\data\cars\neostore.labeltokenstore.db rebuild id generator, highId=2 defragged count=0
2018-03-13 16:51:20.093+0000 INFO [o.n.k.i.s.SchemaStore] Rebuilding id generator for[C:\Users\alu2015059\Desktop\Neo4jJava\data\cars\neostore.schemastore.db] ...
2018-03-13 16:51:20.208+0000 INFO [o.n.k.i.s.SchemaStore] [C:\Users\alu2015059\Desktop\Neo4jJava\data\cars\neostore.schemastore.db] high id=1 (defragged=0)
2018-03-13 16:51:20.208+0000 INFO [o.n.k.i.s.SchemaStore] C:\Users\alu2015059\Desktop\Neo4jJava\data\cars\neostore.schemastore.db rebuild id generator, highId=1 defragged count=0
2018-03-13 16:51:20.208+0000 INFO [o.n.k.i.s.RelationshipGroupStore] Rebuilding id generator for[C:\Users\alu2015059\Desktop\Neo4jJava\data\cars\neostore.relationshipgroupstore.db] ...
2018-03-13 16:51:20.376+0000 INFO [o.n.k.i.s.RelationshipGroupStore] [C:\Users\alu2015059\Desktop\Neo4jJava\data\cars\neostore.relationshipgroupstore.db] high id=1 (defragged=0)
2018-03-13 16:51:20.377+0000 INFO [o.n.k.i.s.RelationshipGroupStore] C:\Users\alu2015059\Desktop\Neo4jJava\data\cars\neostore.relationshipgroupstore.db rebuild id generator, highId=1 defragged count=0
2018-03-13 16:51:20.379+0000 INFO [o.n.k.i.s.MetaDataStore] Rebuilding id generator for[C:\Users\alu2015059\Desktop\Neo4jJava\data\cars\neostore] ...
2018-03-13 16:51:20.587+0000 INFO [o.n.k.i.s.MetaDataStore] [C:\Users\alu2015059\Desktop\Neo4jJava\data\cars\neostore] high id=15 (defragged=0)
2018-03-13 16:51:20.588+0000 INFO [o.n.k.i.s.MetaDataStore] C:\Users\alu2015059\Desktop\Neo4jJava\data\cars\neostore rebuild id generator, highId=15 defragged count=0
2018-03-13 16:51:20.611+0000 INFO [o.n.k.i.a.i.IndexingService] IndexingService.start: indexes not specifically mentioned above are null
2018-03-13 16:51:20.633+0000 INFO [o.n.k.NeoStoreDataSource] Recovery completed. 7 transactions, first:2, last:8 recovered
2018-03-13 16:51:20.635+0000 INFO [o.n.k.i.DatabaseHealth] Database health set to OK
2018-03-13 16:51:21.565+0000 INFO [o.n.k.AvailabilityGuard] Fulfilling of requirement makes database available: Database available
2018-03-13 16:51:21.565+0000 INFO [o.n.k.i.f.GraphDatabaseFacadeFactory] Database is now ready
2018-03-13 16:51:21.565+0000 INFO [o.n.k.i.DiagnosticsManager] --- STARTED diagnostics for KernelDiagnostics:Versions START ---
2018-03-13 16:51:21.565+0000 INFO [o.n.k.i.DiagnosticsManager] Graph Database: community single StoreId{creationTime=1520959857281, randomId=-5329723291465236618, storeVersion=15813456178476550, upgradeTime=1520959857281, upgradeId=1}
2018-03-13 16:51:21.565+0000 INFO [o.n.k.i.DiagnosticsManager] Kernel version: 3.3.3,13ce0dc2e5eb1d72cc4e8df41612e4ec136c83e3
2018-03-13 16:51:21.565+0000 INFO [o.n.k.i.DiagnosticsManager] --- STARTED diagnostics for KernelDiagnostics:Versions END ---
2018-03-13 16:51:21.581+0000 INFO [o.n.k.i.DiagnosticsManager] --- STARTED diagnostics for NEO_STORE_VERSIONS START ---
2018-03-13 16:51:21.581+0000 INFO [o.n.k.i.DiagnosticsManager] Store versions:
2018-03-13 16:51:21.581+0000 INFO [o.n.k.i.DiagnosticsManager] Store versions:
2018-03-13 16:51:21.581+0000 INFO [o.n.k.i.DiagnosticsManager]   ArrayPropertyStore v0.A.8
2018-03-13 16:51:21.581+0000 INFO [o.n.k.i.DiagnosticsManager]   NodeStore v0.A.8
2018-03-13 16:51:21.581+0000 INFO [o.n.k.i.DiagnosticsManager]   StringPropertyStore v0.A.8
2018-03-13 16:51:21.581+0000 INFO [o.n.k.i.DiagnosticsManager]   PropertyIndexStore v0.A.8
2018-03-13 16:51:21.581+0000 INFO [o.n.k.i.DiagnosticsManager]   StringPropertyStore v0.A.8
2018-03-13 16:51:21.581+0000 INFO [o.n.k.i.DiagnosticsManager]   ArrayPropertyStore v0.A.8
2018-03-13 16:51:21.581+0000 INFO [o.n.k.i.DiagnosticsManager]   PropertyStore v0.A.8
2018-03-13 16:51:21.581+0000 INFO [o.n.k.i.DiagnosticsManager]   RelationshipStore v0.A.8
2018-03-13 16:51:21.581+0000 INFO [o.n.k.i.DiagnosticsManager]   StringPropertyStore v0.A.8
2018-03-13 16:51:21.581+0000 INFO [o.n.k.i.DiagnosticsManager]   RelationshipTypeStore v0.A.8
2018-03-13 16:51:21.581+0000 INFO [o.n.k.i.DiagnosticsManager]   StringPropertyStore v0.A.8
2018-03-13 16:51:21.581+0000 INFO [o.n.k.i.DiagnosticsManager]   LabelTokenStore v0.A.8
2018-03-13 16:51:21.581+0000 INFO [o.n.k.i.DiagnosticsManager]   SchemaStore v0.A.8
2018-03-13 16:51:21.581+0000 INFO [o.n.k.i.DiagnosticsManager]   RelationshipGroupStore v0.A.8
2018-03-13 16:51:21.581+0000 INFO [o.n.k.i.DiagnosticsManager]   NeoStore v0.A.8
2018-03-13 16:51:21.581+0000 INFO [o.n.k.i.DiagnosticsManager] --- STARTED diagnostics for NEO_STORE_VERSIONS END ---
2018-03-13 16:51:21.596+0000 INFO [o.n.k.i.DiagnosticsManager] --- STARTED diagnostics for NEO_STORE_ID_USAGE START ---
2018-03-13 16:51:21.596+0000 INFO [o.n.k.i.DiagnosticsManager] Id usage:
2018-03-13 16:51:21.596+0000 INFO [o.n.k.i.DiagnosticsManager] Id usage:
2018-03-13 16:51:21.596+0000 INFO [o.n.k.i.DiagnosticsManager]   ArrayPropertyStore: used=1 high=0
2018-03-13 16:51:21.596+0000 INFO [o.n.k.i.DiagnosticsManager]   NodeStore: used=0 high=-1
2018-03-13 16:51:21.596+0000 INFO [o.n.k.i.DiagnosticsManager]   StringPropertyStore: used=5 high=4
2018-03-13 16:51:21.596+0000 INFO [o.n.k.i.DiagnosticsManager]   PropertyIndexStore: used=4 high=3
2018-03-13 16:51:21.596+0000 INFO [o.n.k.i.DiagnosticsManager]   StringPropertyStore: used=1 high=0
2018-03-13 16:51:21.596+0000 INFO [o.n.k.i.DiagnosticsManager]   ArrayPropertyStore: used=1 high=0
2018-03-13 16:51:21.596+0000 INFO [o.n.k.i.DiagnosticsManager]   PropertyStore: used=0 high=-1
2018-03-13 16:51:21.596+0000 INFO [o.n.k.i.DiagnosticsManager]   RelationshipStore: used=0 high=-1
2018-03-13 16:51:21.596+0000 INFO [o.n.k.i.DiagnosticsManager]   StringPropertyStore: used=2 high=1
2018-03-13 16:51:21.596+0000 INFO [o.n.k.i.DiagnosticsManager]   RelationshipTypeStore: used=1 high=0
2018-03-13 16:51:21.596+0000 INFO [o.n.k.i.DiagnosticsManager]   StringPropertyStore: used=3 high=2
2018-03-13 16:51:21.596+0000 INFO [o.n.k.i.DiagnosticsManager]   LabelTokenStore: used=2 high=1
2018-03-13 16:51:21.596+0000 INFO [o.n.k.i.DiagnosticsManager]   SchemaStore: used=1 high=0
2018-03-13 16:51:21.596+0000 INFO [o.n.k.i.DiagnosticsManager]   RelationshipGroupStore: used=1 high=0
2018-03-13 16:51:21.596+0000 INFO [o.n.k.i.DiagnosticsManager]   NeoStore: used=15 high=14
2018-03-13 16:51:21.612+0000 INFO [o.n.k.i.DiagnosticsManager] --- STARTED diagnostics for NEO_STORE_ID_USAGE END ---
2018-03-13 16:51:21.612+0000 INFO [o.n.k.i.DiagnosticsManager] --- STARTED diagnostics for NEO_STORE_RECORDS START ---
2018-03-13 16:51:21.612+0000 INFO [o.n.k.i.DiagnosticsManager] Neostore records:
2018-03-13 16:51:21.612+0000 INFO [o.n.k.i.DiagnosticsManager] TIME (Creation time): 1520959857281
2018-03-13 16:51:21.612+0000 INFO [o.n.k.i.DiagnosticsManager] RANDOM_NUMBER (Random number for store id): -5329723291465236618
2018-03-13 16:51:21.612+0000 INFO [o.n.k.i.DiagnosticsManager] LOG_VERSION (Current log version): 0
2018-03-13 16:51:21.612+0000 INFO [o.n.k.i.DiagnosticsManager] LAST_TRANSACTION_ID (Last committed transaction): 8
2018-03-13 16:51:21.612+0000 INFO [o.n.k.i.DiagnosticsManager] STORE_VERSION (Store format version): 15813456178476550
2018-03-13 16:51:21.612+0000 INFO [o.n.k.i.DiagnosticsManager] FIRST_GRAPH_PROPERTY (First property record containing graph properties): -1
2018-03-13 16:51:21.612+0000 INFO [o.n.k.i.DiagnosticsManager] LAST_CONSTRAINT_TRANSACTION (Last committed transaction containing constraint changes): 0
2018-03-13 16:51:21.612+0000 INFO [o.n.k.i.DiagnosticsManager] UPGRADE_TRANSACTION_ID (Transaction id most recent upgrade was performed at): 1
2018-03-13 16:51:21.612+0000 INFO [o.n.k.i.DiagnosticsManager] UPGRADE_TIME (Time of last upgrade): 1520959857281
2018-03-13 16:51:21.612+0000 INFO [o.n.k.i.DiagnosticsManager] LAST_TRANSACTION_CHECKSUM (Checksum of last committed transaction): -161783176339
2018-03-13 16:51:21.612+0000 INFO [o.n.k.i.DiagnosticsManager] UPGRADE_TRANSACTION_CHECKSUM (Checksum of transaction id the most recent upgrade was performed at): 0
2018-03-13 16:51:21.612+0000 INFO [o.n.k.i.DiagnosticsManager] LAST_CLOSED_TRANSACTION_LOG_VERSION (Log version where the last transaction commit entry has been written into): 0
2018-03-13 16:51:21.612+0000 INFO [o.n.k.i.DiagnosticsManager] LAST_CLOSED_TRANSACTION_LOG_BYTE_OFFSET (Byte offset in the log file where the last transaction commit entry has been written into): 830
2018-03-13 16:51:21.612+0000 INFO [o.n.k.i.DiagnosticsManager] LAST_TRANSACTION_COMMIT_TIMESTAMP (Commit time timestamp for last committed transaction): 1520959858669
2018-03-13 16:51:21.612+0000 INFO [o.n.k.i.DiagnosticsManager] UPGRADE_TRANSACTION_COMMIT_TIMESTAMP (Commit timestamp of transaction the most recent upgrade was performed at): 0
2018-03-13 16:51:21.612+0000 INFO [o.n.k.i.DiagnosticsManager] --- STARTED diagnostics for NEO_STORE_RECORDS END ---
2018-03-13 16:51:21.612+0000 INFO [o.n.k.i.DiagnosticsManager] --- STARTED diagnostics for TRANSACTION_RANGE START ---
2018-03-13 16:51:21.612+0000 INFO [o.n.k.i.DiagnosticsManager] Transaction log:
2018-03-13 16:51:21.630+0000 INFO [o.n.k.i.DiagnosticsManager] Oldest transaction 2 found in log with version 0
2018-03-13 16:51:21.631+0000 INFO [o.n.k.i.DiagnosticsManager] --- STARTED diagnostics for TRANSACTION_RANGE END ---
2018-03-13 16:51:21.635+0000 INFO [o.n.k.i.DiagnosticsManager] --- STARTED diagnostics for KernelDiagnostics:StoreFiles START ---
2018-03-13 16:51:21.638+0000 INFO [o.n.k.i.DiagnosticsManager] Disk space on partition (Total / Free / Free %): 499513290752 / 223740366848 / 44
2018-03-13 16:51:21.638+0000 INFO [o.n.k.i.DiagnosticsManager] Storage files: (filename : modification date - size)
2018-03-13 16:51:21.642+0000 INFO [o.n.k.i.DiagnosticsManager]   index:
2018-03-13 16:51:21.643+0000 INFO [o.n.k.i.DiagnosticsManager]   - Total: 2018-03-13T17:50:57+0100 - 0,00 B
2018-03-13 16:51:21.643+0000 INFO [o.n.k.i.DiagnosticsManager]   logs:
2018-03-13 16:51:21.645+0000 INFO [o.n.k.i.DiagnosticsManager]     debug.log: 2018-03-13T17:51:02+0100 - 87,79 kB
2018-03-13 16:51:21.646+0000 INFO [o.n.k.i.DiagnosticsManager]   - Total: 2018-03-13T17:50:55+0100 - 87,79 kB
2018-03-13 16:51:21.646+0000 INFO [o.n.k.i.DiagnosticsManager]   neostore: 2018-03-13T17:50:57+0100 - 8,00 kB
2018-03-13 16:51:21.647+0000 INFO [o.n.k.i.DiagnosticsManager]   neostore.counts.db.a: 2018-03-13T17:50:57+0100 - 96,00 B
2018-03-13 16:51:21.648+0000 INFO [o.n.k.i.DiagnosticsManager]   neostore.id: 2018-03-13T17:51:20+0100 - 9,00 B
2018-03-13 16:51:21.661+0000 INFO [o.n.k.i.DiagnosticsManager]   neostore.labelscanstore.db: 2018-03-13T17:51:18+0100 - 40,00 kB
2018-03-13 16:51:21.662+0000 INFO [o.n.k.i.DiagnosticsManager]   neostore.labeltokenstore.db: 2018-03-13T17:50:56+0100 - 0,00 B
2018-03-13 16:51:21.663+0000 INFO [o.n.k.i.DiagnosticsManager]   neostore.labeltokenstore.db.id: 2018-03-13T17:51:20+0100 - 9,00 B
2018-03-13 16:51:21.664+0000 INFO [o.n.k.i.DiagnosticsManager]   neostore.labeltokenstore.db.names: 2018-03-13T17:50:56+0100 - 8,00 kB
2018-03-13 16:51:21.664+0000 INFO [o.n.k.i.DiagnosticsManager]   neostore.labeltokenstore.db.names.id: 2018-03-13T17:51:19+0100 - 9,00 B
2018-03-13 16:51:21.665+0000 INFO [o.n.k.i.DiagnosticsManager]   neostore.nodestore.db: 2018-03-13T17:50:56+0100 - 0,00 B
2018-03-13 16:51:21.665+0000 INFO [o.n.k.i.DiagnosticsManager]   neostore.nodestore.db.id: 2018-03-13T17:51:19+0100 - 9,00 B
2018-03-13 16:51:21.665+0000 INFO [o.n.k.i.DiagnosticsManager]   neostore.nodestore.db.labels: 2018-03-13T17:50:56+0100 - 8,00 kB
2018-03-13 16:51:21.665+0000 INFO [o.n.k.i.DiagnosticsManager]   neostore.nodestore.db.labels.id: 2018-03-13T17:51:18+0100 - 9,00 B
2018-03-13 16:51:21.665+0000 INFO [o.n.k.i.DiagnosticsManager]   neostore.propertystore.db: 2018-03-13T17:50:56+0100 - 0,00 B
2018-03-13 16:51:21.665+0000 INFO [o.n.k.i.DiagnosticsManager]   neostore.propertystore.db.arrays: 2018-03-13T17:50:56+0100 - 8,00 kB
2018-03-13 16:51:21.665+0000 INFO [o.n.k.i.DiagnosticsManager]   neostore.propertystore.db.arrays.id: 2018-03-13T17:51:19+0100 - 9,00 B
2018-03-13 16:51:21.665+0000 INFO [o.n.k.i.DiagnosticsManager]   neostore.propertystore.db.id: 2018-03-13T17:51:19+0100 - 9,00 B
2018-03-13 16:51:21.665+0000 INFO [o.n.k.i.DiagnosticsManager]   neostore.propertystore.db.index: 2018-03-13T17:50:56+0100 - 0,00 B
2018-03-13 16:51:21.665+0000 INFO [o.n.k.i.DiagnosticsManager]   neostore.propertystore.db.index.id: 2018-03-13T17:51:19+0100 - 9,00 B
2018-03-13 16:51:21.665+0000 INFO [o.n.k.i.DiagnosticsManager]   neostore.propertystore.db.index.keys: 2018-03-13T17:50:56+0100 - 8,00 kB
2018-03-13 16:51:21.665+0000 INFO [o.n.k.i.DiagnosticsManager]   neostore.propertystore.db.index.keys.id: 2018-03-13T17:51:19+0100 - 9,00 B
2018-03-13 16:51:21.665+0000 INFO [o.n.k.i.DiagnosticsManager]   neostore.propertystore.db.strings: 2018-03-13T17:50:56+0100 - 8,00 kB
2018-03-13 16:51:21.665+0000 INFO [o.n.k.i.DiagnosticsManager]   neostore.propertystore.db.strings.id: 2018-03-13T17:51:19+0100 - 9,00 B
2018-03-13 16:51:21.665+0000 INFO [o.n.k.i.DiagnosticsManager]   neostore.relationshipgroupstore.db: 2018-03-13T17:50:57+0100 - 8,00 kB
2018-03-13 16:51:21.665+0000 INFO [o.n.k.i.DiagnosticsManager]   neostore.relationshipgroupstore.db.id: 2018-03-13T17:51:20+0100 - 9,00 B
2018-03-13 16:51:21.665+0000 INFO [o.n.k.i.DiagnosticsManager]   neostore.relationshipstore.db: 2018-03-13T17:50:56+0100 - 0,00 B
2018-03-13 16:51:21.665+0000 INFO [o.n.k.i.DiagnosticsManager]   neostore.relationshipstore.db.id: 2018-03-13T17:51:19+0100 - 9,00 B
2018-03-13 16:51:21.665+0000 INFO [o.n.k.i.DiagnosticsManager]   neostore.relationshiptypestore.db: 2018-03-13T17:50:56+0100 - 0,00 B
2018-03-13 16:51:21.665+0000 INFO [o.n.k.i.DiagnosticsManager]   neostore.relationshiptypestore.db.id: 2018-03-13T17:51:19+0100 - 9,00 B
2018-03-13 16:51:21.681+0000 INFO [o.n.k.i.DiagnosticsManager]   neostore.relationshiptypestore.db.names: 2018-03-13T17:50:56+0100 - 8,00 kB
2018-03-13 16:51:21.681+0000 INFO [o.n.k.i.DiagnosticsManager]   neostore.relationshiptypestore.db.names.id: 2018-03-13T17:51:19+0100 - 9,00 B
2018-03-13 16:51:21.681+0000 INFO [o.n.k.i.DiagnosticsManager]   neostore.schemastore.db: 2018-03-13T17:50:57+0100 - 8,00 kB
2018-03-13 16:51:21.681+0000 INFO [o.n.k.i.DiagnosticsManager]   neostore.schemastore.db.id: 2018-03-13T17:51:20+0100 - 9,00 B
2018-03-13 16:51:21.681+0000 INFO [o.n.k.i.DiagnosticsManager]   neostore.transaction.db.0: 2018-03-13T17:50:58+0100 - 830,00 B
2018-03-13 16:51:21.681+0000 INFO [o.n.k.i.DiagnosticsManager]   store_lock: 2018-03-13T17:50:55+0100 - 0,00 B
2018-03-13 16:51:21.681+0000 INFO [o.n.k.i.DiagnosticsManager] Storage summary: 
2018-03-13 16:51:21.681+0000 INFO [o.n.k.i.DiagnosticsManager]   Total size of store: 200,82 kB
2018-03-13 16:51:21.681+0000 INFO [o.n.k.i.DiagnosticsManager]   Total size of mapped files: 112,00 kB
2018-03-13 16:51:21.681+0000 INFO [o.n.k.i.DiagnosticsManager] --- STARTED diagnostics for KernelDiagnostics:StoreFiles END ---
